Unity Editor version:    2022.3.26f1 (ec6cd8118806)
Branch:                  2022.3/staging
Build type:              Release
Batch mode:              YES
macOS version:           Version 15.1 (Build 24B83)
Darwin version:          24.1.0
Architecture:            x86_64
Running under Rosetta:   YES
Available memory:        8192 MB
Using pre-set license
Pro License: YES

COMMAND LINE ARGUMENTS:
/Applications/Unity/Hub/Editor/2022.3.26f1/Unity.app/Contents/MacOS/Unity
-adb2
-batchMode
-noUpm
-name
AssetImportWorker1
-projectPath
/Users/santimuri08/Downloads/vr-escape-room-VersionFix2-2-2-3-2
-logFile
Logs/AssetImportWorker1.log
-srvPort
64974
Successfully changed project path to: /Users/santimuri08/Downloads/vr-escape-room-VersionFix2-2-2-3-2
/Users/santimuri08/Downloads/vr-escape-room-VersionFix2-2-2-3-2
[UnityMemory] Configuration Parameters - Can be set up in boot.config
    "memorysetup-bucket-allocator-granularity=16"
    "memorysetup-bucket-allocator-bucket-count=8"
    "memorysetup-bucket-allocator-block-size=33554432"
    "memorysetup-bucket-allocator-block-count=8"
    "memorysetup-main-allocator-block-size=16777216"
    "memorysetup-thread-allocator-block-size=16777216"
    "memorysetup-gfx-main-allocator-block-size=16777216"
    "memorysetup-gfx-thread-allocator-block-size=16777216"
    "memorysetup-cache-allocator-block-size=4194304"
    "memorysetup-typetree-allocator-block-size=2097152"
    "memorysetup-profiler-bucket-allocator-granularity=16"
    "memorysetup-profiler-bucket-allocator-bucket-count=8"
    "memorysetup-profiler-bucket-allocator-block-size=33554432"
    "memorysetup-profiler-bucket-allocator-block-count=8"
    "memorysetup-profiler-allocator-block-size=16777216"
    "memorysetup-profiler-editor-allocator-block-size=1048576"
    "memorysetup-temp-allocator-size-main=16777216"
    "memorysetup-job-temp-allocator-block-size=2097152"
    "memorysetup-job-temp-allocator-block-size-background=1048576"
    "memorysetup-job-temp-allocator-reduction-small-platforms=262144"
    "memorysetup-allocator-temp-initial-block-size-main=262144"
    "memorysetup-allocator-temp-initial-block-size-worker=262144"
    "memorysetup-temp-allocator-size-background-worker=32768"
    "memorysetup-temp-allocator-size-job-worker=262144"
    "memorysetup-temp-allocator-size-preload-manager=33554432"
    "memorysetup-temp-allocator-size-nav-mesh-worker=65536"
    "memorysetup-temp-allocator-size-audio-worker=65536"
    "memorysetup-temp-allocator-size-cloud-worker=32768"
    "memorysetup-temp-allocator-size-gi-baking-worker=262144"
    "memorysetup-temp-allocator-size-gfx=262144"
Player connection [8780382720] Host "[IP] 192.168.1.158 [Port] 0 [Flags] 2 [Guid] 3015302302 [EditorId] 3015302302 [Version] 1048832 [Id] OSXEditor(0,santiagos-MacBook-Air.local) [Debug] 1 [PackageName] OSXEditor [ProjectName] Editor" joined multi-casting on [225.0.0.222:54997]...

Player connection [8780382720] Host "[IP] 192.168.1.158 [Port] 0 [Flags] 2 [Guid] 3015302302 [EditorId] 3015302302 [Version] 1048832 [Id] OSXEditor(0,santiagos-MacBook-Air.local) [Debug] 1 [PackageName] OSXEditor [ProjectName] Editor" joined alternative multi-casting on [225.0.0.222:34997]...

[Physics::Module] Initialized MultithreadedJobDispatcher with 7 workers.
Refreshing native plugins compatible for Editor in 30.89 ms, found 9 plugins.
Plugins: Couldn't open /Users/santimuri08/Downloads/vr-escape-room-VersionFix2-2-2-3-2/Library/PackageCache/com.unity.xr.oculus@4.2.0/Runtime/AudioPluginOculusSpatializer.bundle/Contents/MacOS/AudioPluginOculusSpatializer, error: dlopen(/Users/santimuri08/Downloads/vr-escape-room-VersionFix2-2-2-3-2/Library/PackageCache/com.unity.xr.oculus@4.2.0/Runtime/AudioPluginOculusSpatializer.bundle/Contents/MacOS/AudioPluginOculusSpatializer, 0x0002): tried: '/Users/santimuri08/Downloads/vr-escape-room-VersionFix2-2-2-3-2/Library/PackageCache/com.unity.xr.oculus@4.2.0/Runtime/AudioPluginOculusSpatializer.bundle/Contents/MacOS/AudioPluginOculusSpatializer' (code signature in <D7C2E059-C92A-3E2E-8BD1-52E94279CD79> '/Users/santimuri08/Downloads/vr-escape-room-VersionFix2-2-2-3-2/Library/PackageCache/com.unity.xr.oculus@4.2.0/Runtime/AudioPluginOculusSpatializer.bundle/Contents/MacOS/AudioPluginOculusSpatializer' not valid for use in process: library load disallowed by system policy), '/System/Volumes/Preboot/Cryptexes/OS/Users/santimuri08/Downloads/vr-escape-room-VersionFix2-2-2-3-2/Library/PackageCache/com.unity.xr.oculus@4.2.0/Runtime/AudioPluginOculusSpatializer.bundle/Contents/MacOS/AudioPluginOculusSpatializer' (no such file), '/Users/santimuri08/Downloads/vr-escape-room-VersionFix2-2-2-3-2/Library/PackageCache/com.unity.xr.oculus@4.2.0/Runtime/AudioPluginOculusSpatializer.bundle/Contents/MacOS/AudioPluginOculusSpatializer' (code signature in <D7C2E059-C92A-3E2E-8BD1-52E94279CD79> '/Users/santimuri08/Downloads/vr-escape-room-VersionFix2-2-2-3-2/Library/PackageCache/com.unity.xr.oculus@4.2.0/Runtime/AudioPluginOculusSpatializer.bundle/Contents/MacOS/AudioPluginOculusSpatializer' not valid for use in process: library load disallowed by system policy)
Preloading 1 native plugins for Editor in 2256.28 ms.
Initialize engine version: 2022.3.26f1 (ec6cd8118806)
[Subsystems] Discovering subsystems at path /Applications/Unity/Hub/Editor/2022.3.26f1/Unity.app/Contents/Resources/UnitySubsystems
[Subsystems] Discovering subsystems at path /Users/santimuri08/Downloads/vr-escape-room-VersionFix2-2-2-3-2/Assets
GfxDevice: creating device client; threaded=0; jobified=0
 preferred device: Apple M1 (high power)
Metal devices available: 1
0: Apple M1 (high power)
Using device Apple M1 (high power)
Initializing Metal device caps: Apple M1
Initialize mono
Mono path[0] = '/Applications/Unity/Hub/Editor/2022.3.26f1/Unity.app/Contents/Managed'
Mono path[1] = '/Applications/Unity/Hub/Editor/2022.3.26f1/Unity.app/Contents/MonoBleedingEdge/lib/mono/unityjit-macos'
Mono config path = '/Applications/Unity/Hub/Editor/2022.3.26f1/Unity.app/Contents/MonoBleedingEdge/etc'
Using monoOptions --debugger-agent=transport=dt_socket,embedding=1,server=y,suspend=n,address=127.0.0.1:56668
Begin MonoManager ReloadAssembly
Registering precompiled unity dll's ...
Register platform support module: /Applications/Unity/Hub/Editor/2022.3.26f1/Unity.app/Contents/PlaybackEngines/MacStandaloneSupport/UnityEditor.OSXStandalone.Extensions.dll
Register platform support module: /Applications/Unity/Hub/Editor/2022.3.26f1/PlaybackEngines/AndroidPlayer/UnityEditor.Android.Extensions.dll
Registered in 0.001460 seconds.
- Loaded All Assemblies, in  0.724 seconds
Native extension for Android target not found
Android Extension - Scanning For ADB Devices 521 ms
Native extension for OSXStandalone target not found
Mono: successfully reloaded assembly
- Finished resetting the current domain, in  1.811 seconds
Domain Reload Profiling: 2537ms
	BeginReloadAssembly (282ms)
		ExecutionOrderSort (0ms)
		DisableScriptedObjects (0ms)
		BackupInstance (0ms)
		ReleaseScriptingObjects (0ms)
		CreateAndSetChildDomain (3ms)
	RebuildCommonClasses (56ms)
	RebuildNativeTypeToScriptingClass (15ms)
	initialDomainReloadingComplete (167ms)
	LoadAllAssembliesAndSetupDomain (204ms)
		LoadAssemblies (279ms)
		RebuildTransferFunctionScriptingTraits (0ms)
		AnalyzeDomain (199ms)
			TypeCache.Refresh (195ms)
				TypeCache.ScanAssembly (176ms)
			ScanForSourceGeneratedMonoScriptInfo (1ms)
			ResolveRequiredComponents (3ms)
	FinalizeReload (1813ms)
		ReleaseScriptCaches (0ms)
		RebuildScriptCaches (0ms)
		SetupLoadedEditorAssemblies (1656ms)
			LogAssemblyErrors (0ms)
			InitializePlatformSupportModulesInManaged (980ms)
			SetLoadedEditorAssemblies (11ms)
			RefreshPlugins (0ms)
			BeforeProcessingInitializeOnLoad (13ms)
			ProcessInitializeOnLoadAttributes (476ms)
			ProcessInitializeOnLoadMethodAttributes (175ms)
			AfterProcessingInitializeOnLoad (0ms)
			EditorAssembliesLoaded (0ms)
		ExecutionOrderSort2 (0ms)
		AwakeInstancesAfterBackupRestoration (0ms)
========================================================================
Worker process is ready to serve import requests
Begin MonoManager ReloadAssembly
- Loaded All Assemblies, in  1.418 seconds
Refreshing native plugins compatible for Editor in 12.62 ms, found 9 plugins.
Native extension for Android target not found
Native extension for OSXStandalone target not found
Package Manager log level set to [2]
[Package Manager] Server::EnsureServerProcessIsRunning -- launch failed, reason: Unity was launched with the -noUpm command-line argument
[Package Manager] UpmClient::Send -- Unable to send message (not connected to UPM process).
[Package Manager] Cannot connect to Unity Package Manager local server
[Package Manager] Server::EnsureServerProcessIsRunning -- launch failed, reason: Unity was launched with the -noUpm command-line argument
[Package Manager] UpmClient::Send -- Unable to send message (not connected to UPM process).
[Package Manager] Cannot connect to Unity Package Manager local server
Mono: successfully reloaded assembly
[Package Manager] Server::EnsureServerProcessIsRunning -- launch failed, reason: Unity was launched with the -noUpm command-line argument
[Package Manager] UpmClient::Send -- Unable to send message (not connected to UPM process).
[Package Manager] Cannot connect to Unity Package Manager local server
[Package Manager] Server::EnsureServerProcessIsRunning -- launch failed, reason: Unity was launched with the -noUpm command-line argument
[Package Manager] UpmClient::Send -- Unable to send message (not connected to UPM process).
[Package Manager] Cannot connect to Unity Package Manager local server
- Finished resetting the current domain, in  2.587 seconds
Domain Reload Profiling: 4010ms
	BeginReloadAssembly (375ms)
		ExecutionOrderSort (0ms)
		DisableScriptedObjects (48ms)
		BackupInstance (0ms)
		ReleaseScriptingObjects (0ms)
		CreateAndSetChildDomain (44ms)
	RebuildCommonClasses (49ms)
	RebuildNativeTypeToScriptingClass (14ms)
	initialDomainReloadingComplete (135ms)
	LoadAllAssembliesAndSetupDomain (849ms)
		LoadAssemblies (632ms)
		RebuildTransferFunctionScriptingTraits (0ms)
		AnalyzeDomain (404ms)
			TypeCache.Refresh (337ms)
				TypeCache.ScanAssembly (281ms)
			ScanForSourceGeneratedMonoScriptInfo (47ms)
			ResolveRequiredComponents (18ms)
	FinalizeReload (2589ms)
		ReleaseScriptCaches (0ms)
		RebuildScriptCaches (0ms)
		SetupLoadedEditorAssemblies (2089ms)
			LogAssemblyErrors (0ms)
			InitializePlatformSupportModulesInManaged (110ms)
			SetLoadedEditorAssemblies (9ms)
			RefreshPlugins (0ms)
			BeforeProcessingInitializeOnLoad (134ms)
			ProcessInitializeOnLoadAttributes (1634ms)
			ProcessInitializeOnLoadMethodAttributes (201ms)
			AfterProcessingInitializeOnLoad (1ms)
			EditorAssembliesLoaded (0ms)
		ExecutionOrderSort2 (0ms)
		AwakeInstancesAfterBackupRestoration (14ms)
Launching external process: /Applications/Unity/Hub/Editor/2022.3.26f1/Unity.app/Contents/Tools/UnityShaderCompiler
Launched and connected shader compiler UnityShaderCompiler after 0.12 seconds
Refreshing native plugins compatible for Editor in 6.60 ms, found 9 plugins.
Plugins: Couldn't open /Users/santimuri08/Downloads/vr-escape-room-VersionFix2-2-2-3-2/Library/PackageCache/com.unity.xr.oculus@4.2.0/Runtime/AudioPluginOculusSpatializer.bundle/Contents/MacOS/AudioPluginOculusSpatializer, error: dlopen(/Users/santimuri08/Downloads/vr-escape-room-VersionFix2-2-2-3-2/Library/PackageCache/com.unity.xr.oculus@4.2.0/Runtime/AudioPluginOculusSpatializer.bundle/Contents/MacOS/AudioPluginOculusSpatializer, 0x0002): tried: '/Users/santimuri08/Downloads/vr-escape-room-VersionFix2-2-2-3-2/Library/PackageCache/com.unity.xr.oculus@4.2.0/Runtime/AudioPluginOculusSpatializer.bundle/Contents/MacOS/AudioPluginOculusSpatializer' (code signature in <D7C2E059-C92A-3E2E-8BD1-52E94279CD79> '/Users/santimuri08/Downloads/vr-escape-room-VersionFix2-2-2-3-2/Library/PackageCache/com.unity.xr.oculus@4.2.0/Runtime/AudioPluginOculusSpatializer.bundle/Contents/MacOS/AudioPluginOculusSpatializer' not valid for use in process: library load disallowed by system policy), '/System/Volumes/Preboot/Cryptexes/OS/Users/santimuri08/Downloads/vr-escape-room-VersionFix2-2-2-3-2/Library/PackageCache/com.unity.xr.oculus@4.2.0/Runtime/AudioPluginOculusSpatializer.bundle/Contents/MacOS/AudioPluginOculusSpatializer' (no such file), '/Users/santimuri08/Downloads/vr-escape-room-VersionFix2-2-2-3-2/Library/PackageCache/com.unity.xr.oculus@4.2.0/Runtime/AudioPluginOculusSpatializer.bundle/Contents/MacOS/AudioPluginOculusSpatializer' (code signature in <D7C2E059-C92A-3E2E-8BD1-52E94279CD79> '/Users/santimuri08/Downloads/vr-escape-room-VersionFix2-2-2-3-2/Library/PackageCache/com.unity.xr.oculus@4.2.0/Runtime/AudioPluginOculusSpatializer.bundle/Contents/MacOS/AudioPluginOculusSpatializer' not valid for use in process: library load disallowed by system policy)
Preloading 1 native plugins for Editor in 3072.29 ms.
Unloading 4488 Unused Serialized files (Serialized files now loaded: 0)
Unloading 84 unused Assets / (71.8 KB). Loaded Objects now: 4959.
Memory consumption went from 167.3 MB to 167.2 MB.
Total: 17.880875 ms (FindLiveObjects: 1.065458 ms CreateObjectMapping: 0.158584 ms MarkObjects: 15.590959 ms  DeleteObjects: 1.061667 ms)

AssetImportParameters requested are different than current active one (requested -> active):
  custom:container-demuxer-ogg: 62fdf1f143b41e24485cea50d1cbac27 -> 
  custom:video-decoder-ogg-theora: a1e56fd34408186e4bbccfd4996cb3dc -> 
  custom:CustomObjectIndexerAttribute: 9a22284fe3817be447336de3de66b15e -> 
  custom:container-demuxer-webm: 4f35f7cbe854078d1ac9338744f61a02 -> 
  custom:container-muxer-webm: aa71ff27fc2769a1b78a27578f13a17b -> 
  custom:video-decoder-webm-vp8: 9c59270c3fd7afecdb556c50c9e8de78 -> 
  custom:SearchIndexIgnoredProperties: e643bd26f0fe6173181afceb89e7c659 -> 
  custom:AudioImporter_EditorPlatform: 3918e3fc78b5a79bad01e8451be0beb8 -> 
  custom:framework-osx-AVFoundation: e770b220cccbd017edd2c1fefb359320 -> 
  custom:video-encoder-webm-vp8: eb34c28f22e8b96e1ab97ce403110664 -> 
  custom:audio-decoder-ogg-vorbis: bf7c407c2cedff20999df2af8eb42d56 -> 
  custom:audio-encoder-webm-vorbis: bf7c407c2cedff20999df2af8eb42d56 -> 
========================================================================
Received Import Request.
  Time since last request: 408486.408384 seconds.
  path: Assets/ModularFirstPersonController/FirstPersonController
  artifactKey: Guid(f37b4faf82d1edb47811f804ec33f9da) Importer(815301076,1909f56bfc062723c751e8b465ee728b)
Start importing Assets/ModularFirstPersonController/FirstPersonController using Guid(f37b4faf82d1edb47811f804ec33f9da) Importer(815301076,1909f56bfc062723c751e8b465ee728b)  -> (artifact id: '7761914bb2f8a0ab78dc26c25d617642') in 0.010953 seconds
Number of updated asset objects reloaded before import = 0
Number of asset objects unloaded after import = 0
========================================================================
Received Import Request.
  Time since last request: 0.000069 seconds.
  path: Assets/ModularFirstPersonController/FirstPersonController/CircleReticle.png
  artifactKey: Guid(be4ce60e2c9768c44b9b10b9c5258045) Importer(815301076,1909f56bfc062723c751e8b465ee728b)
Start importing Assets/ModularFirstPersonController/FirstPersonController/CircleReticle.png using Guid(be4ce60e2c9768c44b9b10b9c5258045) Importer(815301076,1909f56bfc062723c751e8b465ee728b)  -> (artifact id: 'ce5a0e506aacdc5c2b315a7607209dd1') in 0.586963 seconds
Number of updated asset objects reloaded before import = 0
Number of asset objects unloaded after import = 3
========================================================================
Received Prepare
Begin MonoManager ReloadAssembly
- Loaded All Assemblies, in  0.968 seconds
Refreshing native plugins compatible for Editor in 11.13 ms, found 9 plugins.
Native extension for Android target not found
Native extension for OSXStandalone target not found
[Package Manager] Server::EnsureServerProcessIsRunning -- launch failed, reason: Unity was launched with the -noUpm command-line argument
[Package Manager] UpmClient::Send -- Unable to send message (not connected to UPM process).
[Package Manager] Cannot connect to Unity Package Manager local server
[Package Manager] Server::EnsureServerProcessIsRunning -- launch failed, reason: Unity was launched with the -noUpm command-line argument
[Package Manager] UpmClient::Send -- Unable to send message (not connected to UPM process).
[Package Manager] Cannot connect to Unity Package Manager local server
Mono: successfully reloaded assembly
[Package Manager] Server::EnsureServerProcessIsRunning -- launch failed, reason: Unity was launched with the -noUpm command-line argument
[Package Manager] UpmClient::Send -- Unable to send message (not connected to UPM process).
[Package Manager] Cannot connect to Unity Package Manager local server
- Finished resetting the current domain, in  2.892 seconds
Domain Reload Profiling: 3861ms
	BeginReloadAssembly (429ms)
		ExecutionOrderSort (0ms)
		DisableScriptedObjects (34ms)
		BackupInstance (0ms)
		ReleaseScriptingObjects (0ms)
		CreateAndSetChildDomain (121ms)
	RebuildCommonClasses (48ms)
	RebuildNativeTypeToScriptingClass (13ms)
	initialDomainReloadingComplete (71ms)
	LoadAllAssembliesAndSetupDomain (407ms)
		LoadAssemblies (579ms)
		RebuildTransferFunctionScriptingTraits (0ms)
		AnalyzeDomain (31ms)
			TypeCache.Refresh (12ms)
				TypeCache.ScanAssembly (0ms)
			ScanForSourceGeneratedMonoScriptInfo (0ms)
			ResolveRequiredComponents (18ms)
	FinalizeReload (2893ms)
		ReleaseScriptCaches (0ms)
		RebuildScriptCaches (0ms)
		SetupLoadedEditorAssemblies (1836ms)
			LogAssemblyErrors (0ms)
			InitializePlatformSupportModulesInManaged (99ms)
			SetLoadedEditorAssemblies (11ms)
			RefreshPlugins (0ms)
			BeforeProcessingInitializeOnLoad (129ms)
			ProcessInitializeOnLoadAttributes (1440ms)
			ProcessInitializeOnLoadMethodAttributes (156ms)
			AfterProcessingInitializeOnLoad (1ms)
			EditorAssembliesLoaded (1ms)
		ExecutionOrderSort2 (0ms)
		AwakeInstancesAfterBackupRestoration (20ms)
Refreshing native plugins compatible for Editor in 10.57 ms, found 9 plugins.
Plugins: Couldn't open /Users/santimuri08/Downloads/vr-escape-room-VersionFix2-2-2-3-2/Library/PackageCache/com.unity.xr.oculus@4.2.0/Runtime/AudioPluginOculusSpatializer.bundle/Contents/MacOS/AudioPluginOculusSpatializer, error: dlopen(/Users/santimuri08/Downloads/vr-escape-room-VersionFix2-2-2-3-2/Library/PackageCache/com.unity.xr.oculus@4.2.0/Runtime/AudioPluginOculusSpatializer.bundle/Contents/MacOS/AudioPluginOculusSpatializer, 0x0002): tried: '/Users/santimuri08/Downloads/vr-escape-room-VersionFix2-2-2-3-2/Library/PackageCache/com.unity.xr.oculus@4.2.0/Runtime/AudioPluginOculusSpatializer.bundle/Contents/MacOS/AudioPluginOculusSpatializer' (code signature in <D7C2E059-C92A-3E2E-8BD1-52E94279CD79> '/Users/santimuri08/Downloads/vr-escape-room-VersionFix2-2-2-3-2/Library/PackageCache/com.unity.xr.oculus@4.2.0/Runtime/AudioPluginOculusSpatializer.bundle/Contents/MacOS/AudioPluginOculusSpatializer' not valid for use in process: library load disallowed by system policy), '/System/Volumes/Preboot/Cryptexes/OS/Users/santimuri08/Downloads/vr-escape-room-VersionFix2-2-2-3-2/Library/PackageCache/com.unity.xr.oculus@4.2.0/Runtime/AudioPluginOculusSpatializer.bundle/Contents/MacOS/AudioPluginOculusSpatializer' (no such file), '/Users/santimuri08/Downloads/vr-escape-room-VersionFix2-2-2-3-2/Library/PackageCache/com.unity.xr.oculus@4.2.0/Runtime/AudioPluginOculusSpatializer.bundle/Contents/MacOS/AudioPluginOculusSpatializer' (code signature in <D7C2E059-C92A-3E2E-8BD1-52E94279CD79> '/Users/santimuri08/Downloads/vr-escape-room-VersionFix2-2-2-3-2/Library/PackageCache/com.unity.xr.oculus@4.2.0/Runtime/AudioPluginOculusSpatializer.bundle/Contents/MacOS/AudioPluginOculusSpatializer' not valid for use in process: library load disallowed by system policy)
Preloading 1 native plugins for Editor in 2675.69 ms.
Unloading 4446 Unused Serialized files (Serialized files now loaded: 0)
Unloading 61 unused Assets / (51.3 KB). Loaded Objects now: 4969.
Memory consumption went from 165.5 MB to 165.4 MB.
Total: 26.318916 ms (FindLiveObjects: 1.825708 ms CreateObjectMapping: 0.281250 ms MarkObjects: 22.901292 ms  DeleteObjects: 1.296000 ms)

Prepare: number of updated asset objects reloaded= 0
AssetImportParameters requested are different than current active one (requested -> active):
  custom:container-demuxer-ogg: 62fdf1f143b41e24485cea50d1cbac27 -> 
  custom:video-decoder-ogg-theora: a1e56fd34408186e4bbccfd4996cb3dc -> 
  custom:CustomObjectIndexerAttribute: 9a22284fe3817be447336de3de66b15e -> 
  custom:container-demuxer-webm: 4f35f7cbe854078d1ac9338744f61a02 -> 
  custom:container-muxer-webm: aa71ff27fc2769a1b78a27578f13a17b -> 
  custom:video-decoder-webm-vp8: 9c59270c3fd7afecdb556c50c9e8de78 -> 
  custom:SearchIndexIgnoredProperties: e643bd26f0fe6173181afceb89e7c659 -> 
  custom:AudioImporter_EditorPlatform: 3918e3fc78b5a79bad01e8451be0beb8 -> 
  custom:framework-osx-AVFoundation: e770b220cccbd017edd2c1fefb359320 -> 
  custom:video-encoder-webm-vp8: eb34c28f22e8b96e1ab97ce403110664 -> 
  custom:audio-decoder-ogg-vorbis: bf7c407c2cedff20999df2af8eb42d56 -> 
  custom:audio-encoder-webm-vorbis: bf7c407c2cedff20999df2af8eb42d56 -> 
========================================================================
Received Prepare
Begin MonoManager ReloadAssembly
- Loaded All Assemblies, in  1.709 seconds
Refreshing native plugins compatible for Editor in 11.54 ms, found 9 plugins.
Native extension for Android target not found
Native extension for OSXStandalone target not found
[Package Manager] Server::EnsureServerProcessIsRunning -- launch failed, reason: Unity was launched with the -noUpm command-line argument
[Package Manager] UpmClient::Send -- Unable to send message (not connected to UPM process).
[Package Manager] Cannot connect to Unity Package Manager local server
[Package Manager] Server::EnsureServerProcessIsRunning -- launch failed, reason: Unity was launched with the -noUpm command-line argument
[Package Manager] UpmClient::Send -- Unable to send message (not connected to UPM process).
[Package Manager] Cannot connect to Unity Package Manager local server
Mono: successfully reloaded assembly
[Package Manager] Server::EnsureServerProcessIsRunning -- launch failed, reason: Unity was launched with the -noUpm command-line argument
[Package Manager] UpmClient::Send -- Unable to send message (not connected to UPM process).
[Package Manager] Cannot connect to Unity Package Manager local server
- Finished resetting the current domain, in  3.479 seconds
Domain Reload Profiling: 5190ms
	BeginReloadAssembly (675ms)
		ExecutionOrderSort (0ms)
		DisableScriptedObjects (54ms)
		BackupInstance (0ms)
		ReleaseScriptingObjects (0ms)
		CreateAndSetChildDomain (214ms)
	RebuildCommonClasses (46ms)
	RebuildNativeTypeToScriptingClass (13ms)
	initialDomainReloadingComplete (104ms)
	LoadAllAssembliesAndSetupDomain (870ms)
		LoadAssemblies (1124ms)
		RebuildTransferFunctionScriptingTraits (0ms)
		AnalyzeDomain (47ms)
			TypeCache.Refresh (25ms)
				TypeCache.ScanAssembly (0ms)
			ScanForSourceGeneratedMonoScriptInfo (0ms)
			ResolveRequiredComponents (21ms)
	FinalizeReload (3481ms)
		ReleaseScriptCaches (0ms)
		RebuildScriptCaches (0ms)
		SetupLoadedEditorAssemblies (2265ms)
			LogAssemblyErrors (0ms)
			InitializePlatformSupportModulesInManaged (142ms)
			SetLoadedEditorAssemblies (10ms)
			RefreshPlugins (0ms)
			BeforeProcessingInitializeOnLoad (185ms)
			ProcessInitializeOnLoadAttributes (1743ms)
			ProcessInitializeOnLoadMethodAttributes (184ms)
			AfterProcessingInitializeOnLoad (1ms)
			EditorAssembliesLoaded (1ms)
		ExecutionOrderSort2 (0ms)
		AwakeInstancesAfterBackupRestoration (19ms)
Refreshing native plugins compatible for Editor in 6.59 ms, found 9 plugins.
Plugins: Couldn't open /Users/santimuri08/Downloads/vr-escape-room-VersionFix2-2-2-3-2/Library/PackageCache/com.unity.xr.oculus@4.2.0/Runtime/AudioPluginOculusSpatializer.bundle/Contents/MacOS/AudioPluginOculusSpatializer, error: dlopen(/Users/santimuri08/Downloads/vr-escape-room-VersionFix2-2-2-3-2/Library/PackageCache/com.unity.xr.oculus@4.2.0/Runtime/AudioPluginOculusSpatializer.bundle/Contents/MacOS/AudioPluginOculusSpatializer, 0x0002): tried: '/Users/santimuri08/Downloads/vr-escape-room-VersionFix2-2-2-3-2/Library/PackageCache/com.unity.xr.oculus@4.2.0/Runtime/AudioPluginOculusSpatializer.bundle/Contents/MacOS/AudioPluginOculusSpatializer' (code signature in <D7C2E059-C92A-3E2E-8BD1-52E94279CD79> '/Users/santimuri08/Downloads/vr-escape-room-VersionFix2-2-2-3-2/Library/PackageCache/com.unity.xr.oculus@4.2.0/Runtime/AudioPluginOculusSpatializer.bundle/Contents/MacOS/AudioPluginOculusSpatializer' not valid for use in process: library load disallowed by system policy), '/System/Volumes/Preboot/Cryptexes/OS/Users/santimuri08/Downloads/vr-escape-room-VersionFix2-2-2-3-2/Library/PackageCache/com.unity.xr.oculus@4.2.0/Runtime/AudioPluginOculusSpatializer.bundle/Contents/MacOS/AudioPluginOculusSpatializer' (no such file), '/Users/santimuri08/Downloads/vr-escape-room-VersionFix2-2-2-3-2/Library/PackageCache/com.unity.xr.oculus@4.2.0/Runtime/AudioPluginOculusSpatializer.bundle/Contents/MacOS/AudioPluginOculusSpatializer' (code signature in <D7C2E059-C92A-3E2E-8BD1-52E94279CD79> '/Users/santimuri08/Downloads/vr-escape-room-VersionFix2-2-2-3-2/Library/PackageCache/com.unity.xr.oculus@4.2.0/Runtime/AudioPluginOculusSpatializer.bundle/Contents/MacOS/AudioPluginOculusSpatializer' not valid for use in process: library load disallowed by system policy)
Preloading 1 native plugins for Editor in 2156.17 ms.
Unloading 4447 Unused Serialized files (Serialized files now loaded: 0)
Unloading 61 unused Assets / (51.3 KB). Loaded Objects now: 4973.
Memory consumption went from 170.2 MB to 170.1 MB.
Total: 21.961667 ms (FindLiveObjects: 3.058792 ms CreateObjectMapping: 0.374166 ms MarkObjects: 18.068292 ms  DeleteObjects: 0.456542 ms)

Prepare: number of updated asset objects reloaded= 0
AssetImportParameters requested are different than current active one (requested -> active):
  custom:container-demuxer-ogg: 62fdf1f143b41e24485cea50d1cbac27 -> 
  custom:video-decoder-ogg-theora: a1e56fd34408186e4bbccfd4996cb3dc -> 
  custom:CustomObjectIndexerAttribute: 9a22284fe3817be447336de3de66b15e -> 
  custom:container-demuxer-webm: 4f35f7cbe854078d1ac9338744f61a02 -> 
  custom:container-muxer-webm: aa71ff27fc2769a1b78a27578f13a17b -> 
  custom:video-decoder-webm-vp8: 9c59270c3fd7afecdb556c50c9e8de78 -> 
  custom:SearchIndexIgnoredProperties: e643bd26f0fe6173181afceb89e7c659 -> 
  custom:AudioImporter_EditorPlatform: 3918e3fc78b5a79bad01e8451be0beb8 -> 
  custom:framework-osx-AVFoundation: e770b220cccbd017edd2c1fefb359320 -> 
  custom:video-encoder-webm-vp8: eb34c28f22e8b96e1ab97ce403110664 -> 
  custom:audio-decoder-ogg-vorbis: bf7c407c2cedff20999df2af8eb42d56 -> 
  custom:audio-encoder-webm-vorbis: bf7c407c2cedff20999df2af8eb42d56 -> 
========================================================================
Received Prepare
Begin MonoManager ReloadAssembly
- Loaded All Assemblies, in  1.091 seconds
Refreshing native plugins compatible for Editor in 6.14 ms, found 9 plugins.
Native extension for Android target not found
Native extension for OSXStandalone target not found
[Package Manager] Server::EnsureServerProcessIsRunning -- launch failed, reason: Unity was launched with the -noUpm command-line argument
[Package Manager] UpmClient::Send -- Unable to send message (not connected to UPM process).
[Package Manager] Cannot connect to Unity Package Manager local server
[Package Manager] Server::EnsureServerProcessIsRunning -- launch failed, reason: Unity was launched with the -noUpm command-line argument
[Package Manager] UpmClient::Send -- Unable to send message (not connected to UPM process).
[Package Manager] Cannot connect to Unity Package Manager local server
Mono: successfully reloaded assembly
[Package Manager] Server::EnsureServerProcessIsRunning -- launch failed, reason: Unity was launched with the -noUpm command-line argument
[Package Manager] UpmClient::Send -- Unable to send message (not connected to UPM process).
[Package Manager] Cannot connect to Unity Package Manager local server
- Finished resetting the current domain, in  3.439 seconds
Domain Reload Profiling: 4533ms
	BeginReloadAssembly (497ms)
		ExecutionOrderSort (0ms)
		DisableScriptedObjects (54ms)
		BackupInstance (0ms)
		ReleaseScriptingObjects (0ms)
		CreateAndSetChildDomain (132ms)
	RebuildCommonClasses (47ms)
	RebuildNativeTypeToScriptingClass (13ms)
	initialDomainReloadingComplete (93ms)
	LoadAllAssembliesAndSetupDomain (442ms)
		LoadAssemblies (638ms)
		RebuildTransferFunctionScriptingTraits (0ms)
		AnalyzeDomain (34ms)
			TypeCache.Refresh (13ms)
				TypeCache.ScanAssembly (0ms)
			ScanForSourceGeneratedMonoScriptInfo (0ms)
			ResolveRequiredComponents (20ms)
	FinalizeReload (3442ms)
		ReleaseScriptCaches (0ms)
		RebuildScriptCaches (0ms)
		SetupLoadedEditorAssemblies (2326ms)
			LogAssemblyErrors (0ms)
			InitializePlatformSupportModulesInManaged (108ms)
			SetLoadedEditorAssemblies (10ms)
			RefreshPlugins (0ms)
			BeforeProcessingInitializeOnLoad (146ms)
			ProcessInitializeOnLoadAttributes (1783ms)
			ProcessInitializeOnLoadMethodAttributes (277ms)
			AfterProcessingInitializeOnLoad (1ms)
			EditorAssembliesLoaded (1ms)
		ExecutionOrderSort2 (0ms)
		AwakeInstancesAfterBackupRestoration (20ms)
Refreshing native plugins compatible for Editor in 6.44 ms, found 9 plugins.
Plugins: Couldn't open /Users/santimuri08/Downloads/vr-escape-room-VersionFix2-2-2-3-2/Library/PackageCache/com.unity.xr.oculus@4.2.0/Runtime/AudioPluginOculusSpatializer.bundle/Contents/MacOS/AudioPluginOculusSpatializer, error: dlopen(/Users/santimuri08/Downloads/vr-escape-room-VersionFix2-2-2-3-2/Library/PackageCache/com.unity.xr.oculus@4.2.0/Runtime/AudioPluginOculusSpatializer.bundle/Contents/MacOS/AudioPluginOculusSpatializer, 0x0002): tried: '/Users/santimuri08/Downloads/vr-escape-room-VersionFix2-2-2-3-2/Library/PackageCache/com.unity.xr.oculus@4.2.0/Runtime/AudioPluginOculusSpatializer.bundle/Contents/MacOS/AudioPluginOculusSpatializer' (code signature in <D7C2E059-C92A-3E2E-8BD1-52E94279CD79> '/Users/santimuri08/Downloads/vr-escape-room-VersionFix2-2-2-3-2/Library/PackageCache/com.unity.xr.oculus@4.2.0/Runtime/AudioPluginOculusSpatializer.bundle/Contents/MacOS/AudioPluginOculusSpatializer' not valid for use in process: library load disallowed by system policy), '/System/Volumes/Preboot/Cryptexes/OS/Users/santimuri08/Downloads/vr-escape-room-VersionFix2-2-2-3-2/Library/PackageCache/com.unity.xr.oculus@4.2.0/Runtime/AudioPluginOculusSpatializer.bundle/Contents/MacOS/AudioPluginOculusSpatializer' (no such file), '/Users/santimuri08/Downloads/vr-escape-room-VersionFix2-2-2-3-2/Library/PackageCache/com.unity.xr.oculus@4.2.0/Runtime/AudioPluginOculusSpatializer.bundle/Contents/MacOS/AudioPluginOculusSpatializer' (code signature in <D7C2E059-C92A-3E2E-8BD1-52E94279CD79> '/Users/santimuri08/Downloads/vr-escape-room-VersionFix2-2-2-3-2/Library/PackageCache/com.unity.xr.oculus@4.2.0/Runtime/AudioPluginOculusSpatializer.bundle/Contents/MacOS/AudioPluginOculusSpatializer' not valid for use in process: library load disallowed by system policy)
Preloading 1 native plugins for Editor in 2623.79 ms.
Unloading 4447 Unused Serialized files (Serialized files now loaded: 0)
Unloading 61 unused Assets / (51.2 KB). Loaded Objects now: 4977.
Memory consumption went from 174.7 MB to 174.7 MB.
Total: 27.562167 ms (FindLiveObjects: 1.271542 ms CreateObjectMapping: 0.381833 ms MarkObjects: 24.403875 ms  DeleteObjects: 1.499708 ms)

Prepare: number of updated asset objects reloaded= 0
AssetImportParameters requested are different than current active one (requested -> active):
  custom:container-demuxer-ogg: 62fdf1f143b41e24485cea50d1cbac27 -> 
  custom:video-decoder-ogg-theora: a1e56fd34408186e4bbccfd4996cb3dc -> 
  custom:CustomObjectIndexerAttribute: 9a22284fe3817be447336de3de66b15e -> 
  custom:container-demuxer-webm: 4f35f7cbe854078d1ac9338744f61a02 -> 
  custom:container-muxer-webm: aa71ff27fc2769a1b78a27578f13a17b -> 
  custom:video-decoder-webm-vp8: 9c59270c3fd7afecdb556c50c9e8de78 -> 
  custom:SearchIndexIgnoredProperties: e643bd26f0fe6173181afceb89e7c659 -> 
  custom:AudioImporter_EditorPlatform: 3918e3fc78b5a79bad01e8451be0beb8 -> 
  custom:framework-osx-AVFoundation: e770b220cccbd017edd2c1fefb359320 -> 
  custom:video-encoder-webm-vp8: eb34c28f22e8b96e1ab97ce403110664 -> 
  custom:audio-decoder-ogg-vorbis: bf7c407c2cedff20999df2af8eb42d56 -> 
  custom:audio-encoder-webm-vorbis: bf7c407c2cedff20999df2af8eb42d56 -> 
========================================================================
Received Prepare
Begin MonoManager ReloadAssembly
- Loaded All Assemblies, in  1.029 seconds
Refreshing native plugins compatible for Editor in 5.92 ms, found 9 plugins.
Native extension for Android target not found
Native extension for OSXStandalone target not found
[Package Manager] Server::EnsureServerProcessIsRunning -- launch failed, reason: Unity was launched with the -noUpm command-line argument
[Package Manager] UpmClient::Send -- Unable to send message (not connected to UPM process).
[Package Manager] Cannot connect to Unity Package Manager local server
[Package Manager] Server::EnsureServerProcessIsRunning -- launch failed, reason: Unity was launched with the -noUpm command-line argument
[Package Manager] UpmClient::Send -- Unable to send message (not connected to UPM process).
[Package Manager] Cannot connect to Unity Package Manager local server
Mono: successfully reloaded assembly
[Package Manager] Server::EnsureServerProcessIsRunning -- launch failed, reason: Unity was launched with the -noUpm command-line argument
[Package Manager] UpmClient::Send -- Unable to send message (not connected to UPM process).
[Package Manager] Cannot connect to Unity Package Manager local server
- Finished resetting the current domain, in  3.155 seconds
Domain Reload Profiling: 4186ms
	BeginReloadAssembly (436ms)
		ExecutionOrderSort (0ms)
		DisableScriptedObjects (39ms)
		BackupInstance (0ms)
		ReleaseScriptingObjects (0ms)
		CreateAndSetChildDomain (118ms)
	RebuildCommonClasses (49ms)
	RebuildNativeTypeToScriptingClass (14ms)
	initialDomainReloadingComplete (77ms)
	LoadAllAssembliesAndSetupDomain (453ms)
		LoadAssemblies (631ms)
		RebuildTransferFunctionScriptingTraits (0ms)
		AnalyzeDomain (36ms)
			TypeCache.Refresh (16ms)
				TypeCache.ScanAssembly (0ms)
			ScanForSourceGeneratedMonoScriptInfo (0ms)
			ResolveRequiredComponents (19ms)
	FinalizeReload (3156ms)
		ReleaseScriptCaches (0ms)
		RebuildScriptCaches (0ms)
		SetupLoadedEditorAssemblies (2075ms)
			LogAssemblyErrors (0ms)
			InitializePlatformSupportModulesInManaged (97ms)
			SetLoadedEditorAssemblies (10ms)
			RefreshPlugins (0ms)
			BeforeProcessingInitializeOnLoad (137ms)
			ProcessInitializeOnLoadAttributes (1621ms)
			ProcessInitializeOnLoadMethodAttributes (208ms)
			AfterProcessingInitializeOnLoad (1ms)
			EditorAssembliesLoaded (1ms)
		ExecutionOrderSort2 (0ms)
		AwakeInstancesAfterBackupRestoration (20ms)
Refreshing native plugins compatible for Editor in 8.78 ms, found 9 plugins.
Plugins: Couldn't open /Users/santimuri08/Downloads/vr-escape-room-VersionFix2-2-2-3-2/Library/PackageCache/com.unity.xr.oculus@4.2.0/Runtime/AudioPluginOculusSpatializer.bundle/Contents/MacOS/AudioPluginOculusSpatializer, error: dlopen(/Users/santimuri08/Downloads/vr-escape-room-VersionFix2-2-2-3-2/Library/PackageCache/com.unity.xr.oculus@4.2.0/Runtime/AudioPluginOculusSpatializer.bundle/Contents/MacOS/AudioPluginOculusSpatializer, 0x0002): tried: '/Users/santimuri08/Downloads/vr-escape-room-VersionFix2-2-2-3-2/Library/PackageCache/com.unity.xr.oculus@4.2.0/Runtime/AudioPluginOculusSpatializer.bundle/Contents/MacOS/AudioPluginOculusSpatializer' (code signature in <D7C2E059-C92A-3E2E-8BD1-52E94279CD79> '/Users/santimuri08/Downloads/vr-escape-room-VersionFix2-2-2-3-2/Library/PackageCache/com.unity.xr.oculus@4.2.0/Runtime/AudioPluginOculusSpatializer.bundle/Contents/MacOS/AudioPluginOculusSpatializer' not valid for use in process: library load disallowed by system policy), '/System/Volumes/Preboot/Cryptexes/OS/Users/santimuri08/Downloads/vr-escape-room-VersionFix2-2-2-3-2/Library/PackageCache/com.unity.xr.oculus@4.2.0/Runtime/AudioPluginOculusSpatializer.bundle/Contents/MacOS/AudioPluginOculusSpatializer' (no such file), '/Users/santimuri08/Downloads/vr-escape-room-VersionFix2-2-2-3-2/Library/PackageCache/com.unity.xr.oculus@4.2.0/Runtime/AudioPluginOculusSpatializer.bundle/Contents/MacOS/AudioPluginOculusSpatializer' (code signature in <D7C2E059-C92A-3E2E-8BD1-52E94279CD79> '/Users/santimuri08/Downloads/vr-escape-room-VersionFix2-2-2-3-2/Library/PackageCache/com.unity.xr.oculus@4.2.0/Runtime/AudioPluginOculusSpatializer.bundle/Contents/MacOS/AudioPluginOculusSpatializer' not valid for use in process: library load disallowed by system policy)
Preloading 1 native plugins for Editor in 2061.11 ms.
Unloading 4447 Unused Serialized files (Serialized files now loaded: 0)
Unloading 61 unused Assets / (51.2 KB). Loaded Objects now: 4981.
Memory consumption went from 179.2 MB to 179.2 MB.
Total: 25.459875 ms (FindLiveObjects: 4.212459 ms CreateObjectMapping: 0.770791 ms MarkObjects: 19.705791 ms  DeleteObjects: 0.765125 ms)

Prepare: number of updated asset objects reloaded= 0
AssetImportParameters requested are different than current active one (requested -> active):
  custom:container-demuxer-ogg: 62fdf1f143b41e24485cea50d1cbac27 -> 
  custom:video-decoder-ogg-theora: a1e56fd34408186e4bbccfd4996cb3dc -> 
  custom:CustomObjectIndexerAttribute: 9a22284fe3817be447336de3de66b15e -> 
  custom:container-demuxer-webm: 4f35f7cbe854078d1ac9338744f61a02 -> 
  custom:container-muxer-webm: aa71ff27fc2769a1b78a27578f13a17b -> 
  custom:video-decoder-webm-vp8: 9c59270c3fd7afecdb556c50c9e8de78 -> 
  custom:SearchIndexIgnoredProperties: e643bd26f0fe6173181afceb89e7c659 -> 
  custom:AudioImporter_EditorPlatform: 3918e3fc78b5a79bad01e8451be0beb8 -> 
  custom:framework-osx-AVFoundation: e770b220cccbd017edd2c1fefb359320 -> 
  custom:video-encoder-webm-vp8: eb34c28f22e8b96e1ab97ce403110664 -> 
  custom:audio-decoder-ogg-vorbis: bf7c407c2cedff20999df2af8eb42d56 -> 
  custom:audio-encoder-webm-vorbis: bf7c407c2cedff20999df2af8eb42d56 -> 
========================================================================
Received Prepare
Begin MonoManager ReloadAssembly
- Loaded All Assemblies, in  0.925 seconds
Refreshing native plugins compatible for Editor in 12.41 ms, found 9 plugins.
Native extension for Android target not found
Native extension for OSXStandalone target not found
[Package Manager] Server::EnsureServerProcessIsRunning -- launch failed, reason: Unity was launched with the -noUpm command-line argument
[Package Manager] UpmClient::Send -- Unable to send message (not connected to UPM process).
[Package Manager] Cannot connect to Unity Package Manager local server
[Package Manager] Server::EnsureServerProcessIsRunning -- launch failed, reason: Unity was launched with the -noUpm command-line argument
[Package Manager] UpmClient::Send -- Unable to send message (not connected to UPM process).
[Package Manager] Cannot connect to Unity Package Manager local server
Mono: successfully reloaded assembly
[Package Manager] Server::EnsureServerProcessIsRunning -- launch failed, reason: Unity was launched with the -noUpm command-line argument
[Package Manager] UpmClient::Send -- Unable to send message (not connected to UPM process).
[Package Manager] Cannot connect to Unity Package Manager local server
- Finished resetting the current domain, in  2.860 seconds
Domain Reload Profiling: 3786ms
	BeginReloadAssembly (436ms)
		ExecutionOrderSort (0ms)
		DisableScriptedObjects (35ms)
		BackupInstance (0ms)
		ReleaseScriptingObjects (0ms)
		CreateAndSetChildDomain (111ms)
	RebuildCommonClasses (48ms)
	RebuildNativeTypeToScriptingClass (13ms)
	initialDomainReloadingComplete (77ms)
	LoadAllAssembliesAndSetupDomain (351ms)
		LoadAssemblies (543ms)
		RebuildTransferFunctionScriptingTraits (0ms)
		AnalyzeDomain (27ms)
			TypeCache.Refresh (9ms)
				TypeCache.ScanAssembly (0ms)
			ScanForSourceGeneratedMonoScriptInfo (0ms)
			ResolveRequiredComponents (17ms)
	FinalizeReload (2861ms)
		ReleaseScriptCaches (0ms)
		RebuildScriptCaches (0ms)
		SetupLoadedEditorAssemblies (1902ms)
			LogAssemblyErrors (0ms)
			InitializePlatformSupportModulesInManaged (88ms)
			SetLoadedEditorAssemblies (10ms)
			RefreshPlugins (0ms)
			BeforeProcessingInitializeOnLoad (124ms)
			ProcessInitializeOnLoadAttributes (1517ms)
			ProcessInitializeOnLoadMethodAttributes (160ms)
			AfterProcessingInitializeOnLoad (1ms)
			EditorAssembliesLoaded (1ms)
		ExecutionOrderSort2 (0ms)
		AwakeInstancesAfterBackupRestoration (14ms)
Refreshing native plugins compatible for Editor in 6.33 ms, found 9 plugins.
Plugins: Couldn't open /Users/santimuri08/Downloads/vr-escape-room-VersionFix2-2-2-3-2/Library/PackageCache/com.unity.xr.oculus@4.2.0/Runtime/AudioPluginOculusSpatializer.bundle/Contents/MacOS/AudioPluginOculusSpatializer, error: dlopen(/Users/santimuri08/Downloads/vr-escape-room-VersionFix2-2-2-3-2/Library/PackageCache/com.unity.xr.oculus@4.2.0/Runtime/AudioPluginOculusSpatializer.bundle/Contents/MacOS/AudioPluginOculusSpatializer, 0x0002): tried: '/Users/santimuri08/Downloads/vr-escape-room-VersionFix2-2-2-3-2/Library/PackageCache/com.unity.xr.oculus@4.2.0/Runtime/AudioPluginOculusSpatializer.bundle/Contents/MacOS/AudioPluginOculusSpatializer' (code signature in <D7C2E059-C92A-3E2E-8BD1-52E94279CD79> '/Users/santimuri08/Downloads/vr-escape-room-VersionFix2-2-2-3-2/Library/PackageCache/com.unity.xr.oculus@4.2.0/Runtime/AudioPluginOculusSpatializer.bundle/Contents/MacOS/AudioPluginOculusSpatializer' not valid for use in process: library load disallowed by system policy), '/System/Volumes/Preboot/Cryptexes/OS/Users/santimuri08/Downloads/vr-escape-room-VersionFix2-2-2-3-2/Library/PackageCache/com.unity.xr.oculus@4.2.0/Runtime/AudioPluginOculusSpatializer.bundle/Contents/MacOS/AudioPluginOculusSpatializer' (no such file), '/Users/santimuri08/Downloads/vr-escape-room-VersionFix2-2-2-3-2/Library/PackageCache/com.unity.xr.oculus@4.2.0/Runtime/AudioPluginOculusSpatializer.bundle/Contents/MacOS/AudioPluginOculusSpatializer' (code signature in <D7C2E059-C92A-3E2E-8BD1-52E94279CD79> '/Users/santimuri08/Downloads/vr-escape-room-VersionFix2-2-2-3-2/Library/PackageCache/com.unity.xr.oculus@4.2.0/Runtime/AudioPluginOculusSpatializer.bundle/Contents/MacOS/AudioPluginOculusSpatializer' not valid for use in process: library load disallowed by system policy)
Preloading 1 native plugins for Editor in 29780.69 ms.
Unloading 4447 Unused Serialized files (Serialized files now loaded: 0)
Unloading 61 unused Assets / (51.3 KB). Loaded Objects now: 4985.
Memory consumption went from 183.7 MB to 183.7 MB.
Total: 34.055375 ms (FindLiveObjects: 1.472792 ms CreateObjectMapping: 0.292792 ms MarkObjects: 30.079791 ms  DeleteObjects: 2.205833 ms)

Prepare: number of updated asset objects reloaded= 0
AssetImportParameters requested are different than current active one (requested -> active):
  custom:container-demuxer-ogg: 62fdf1f143b41e24485cea50d1cbac27 -> 
  custom:video-decoder-ogg-theora: a1e56fd34408186e4bbccfd4996cb3dc -> 
  custom:CustomObjectIndexerAttribute: 9a22284fe3817be447336de3de66b15e -> 
  custom:container-demuxer-webm: 4f35f7cbe854078d1ac9338744f61a02 -> 
  custom:container-muxer-webm: aa71ff27fc2769a1b78a27578f13a17b -> 
  custom:video-decoder-webm-vp8: 9c59270c3fd7afecdb556c50c9e8de78 -> 
  custom:SearchIndexIgnoredProperties: e643bd26f0fe6173181afceb89e7c659 -> 
  custom:AudioImporter_EditorPlatform: 3918e3fc78b5a79bad01e8451be0beb8 -> 
  custom:framework-osx-AVFoundation: e770b220cccbd017edd2c1fefb359320 -> 
  custom:video-encoder-webm-vp8: eb34c28f22e8b96e1ab97ce403110664 -> 
  custom:audio-decoder-ogg-vorbis: bf7c407c2cedff20999df2af8eb42d56 -> 
  custom:audio-encoder-webm-vorbis: bf7c407c2cedff20999df2af8eb42d56 -> 
========================================================================
Received Prepare
Begin MonoManager ReloadAssembly
- Loaded All Assemblies, in  1.212 seconds
Refreshing native plugins compatible for Editor in 11.64 ms, found 9 plugins.
Native extension for Android target not found
Native extension for OSXStandalone target not found
[Package Manager] Server::EnsureServerProcessIsRunning -- launch failed, reason: Unity was launched with the -noUpm command-line argument
[Package Manager] UpmClient::Send -- Unable to send message (not connected to UPM process).
[Package Manager] Cannot connect to Unity Package Manager local server
[Package Manager] Server::EnsureServerProcessIsRunning -- launch failed, reason: Unity was launched with the -noUpm command-line argument
[Package Manager] UpmClient::Send -- Unable to send message (not connected to UPM process).
[Package Manager] Cannot connect to Unity Package Manager local server
Mono: successfully reloaded assembly
[Package Manager] Server::EnsureServerProcessIsRunning -- launch failed, reason: Unity was launched with the -noUpm command-line argument
[Package Manager] UpmClient::Send -- Unable to send message (not connected to UPM process).
[Package Manager] Cannot connect to Unity Package Manager local server
- Finished resetting the current domain, in  3.279 seconds
Domain Reload Profiling: 4494ms
	BeginReloadAssembly (543ms)
		ExecutionOrderSort (0ms)
		DisableScriptedObjects (39ms)
		BackupInstance (0ms)
		ReleaseScriptingObjects (0ms)
		CreateAndSetChildDomain (146ms)
	RebuildCommonClasses (65ms)
	RebuildNativeTypeToScriptingClass (13ms)
	initialDomainReloadingComplete (74ms)
	LoadAllAssembliesAndSetupDomain (519ms)
		LoadAssemblies (748ms)
		RebuildTransferFunctionScriptingTraits (0ms)
		AnalyzeDomain (42ms)
			TypeCache.Refresh (19ms)
				TypeCache.ScanAssembly (0ms)
			ScanForSourceGeneratedMonoScriptInfo (0ms)
			ResolveRequiredComponents (22ms)
	FinalizeReload (3280ms)
		ReleaseScriptCaches (0ms)
		RebuildScriptCaches (0ms)
		SetupLoadedEditorAssemblies (2167ms)
			LogAssemblyErrors (0ms)
			InitializePlatformSupportModulesInManaged (96ms)
			SetLoadedEditorAssemblies (10ms)
			RefreshPlugins (0ms)
			BeforeProcessingInitializeOnLoad (141ms)
			ProcessInitializeOnLoadAttributes (1727ms)
			ProcessInitializeOnLoadMethodAttributes (191ms)
			AfterProcessingInitializeOnLoad (1ms)
			EditorAssembliesLoaded (1ms)
		ExecutionOrderSort2 (1ms)
		AwakeInstancesAfterBackupRestoration (20ms)
Refreshing native plugins compatible for Editor in 18.53 ms, found 9 plugins.
Plugins: Couldn't open /Users/santimuri08/Downloads/vr-escape-room-VersionFix2-2-2-3-2/Library/PackageCache/com.unity.xr.oculus@4.2.0/Runtime/AudioPluginOculusSpatializer.bundle/Contents/MacOS/AudioPluginOculusSpatializer, error: dlopen(/Users/santimuri08/Downloads/vr-escape-room-VersionFix2-2-2-3-2/Library/PackageCache/com.unity.xr.oculus@4.2.0/Runtime/AudioPluginOculusSpatializer.bundle/Contents/MacOS/AudioPluginOculusSpatializer, 0x0002): tried: '/Users/santimuri08/Downloads/vr-escape-room-VersionFix2-2-2-3-2/Library/PackageCache/com.unity.xr.oculus@4.2.0/Runtime/AudioPluginOculusSpatializer.bundle/Contents/MacOS/AudioPluginOculusSpatializer' (code signature in <D7C2E059-C92A-3E2E-8BD1-52E94279CD79> '/Users/santimuri08/Downloads/vr-escape-room-VersionFix2-2-2-3-2/Library/PackageCache/com.unity.xr.oculus@4.2.0/Runtime/AudioPluginOculusSpatializer.bundle/Contents/MacOS/AudioPluginOculusSpatializer' not valid for use in process: library load disallowed by system policy), '/System/Volumes/Preboot/Cryptexes/OS/Users/santimuri08/Downloads/vr-escape-room-VersionFix2-2-2-3-2/Library/PackageCache/com.unity.xr.oculus@4.2.0/Runtime/AudioPluginOculusSpatializer.bundle/Contents/MacOS/AudioPluginOculusSpatializer' (no such file), '/Users/santimuri08/Downloads/vr-escape-room-VersionFix2-2-2-3-2/Library/PackageCache/com.unity.xr.oculus@4.2.0/Runtime/AudioPluginOculusSpatializer.bundle/Contents/MacOS/AudioPluginOculusSpatializer' (code signature in <D7C2E059-C92A-3E2E-8BD1-52E94279CD79> '/Users/santimuri08/Downloads/vr-escape-room-VersionFix2-2-2-3-2/Library/PackageCache/com.unity.xr.oculus@4.2.0/Runtime/AudioPluginOculusSpatializer.bundle/Contents/MacOS/AudioPluginOculusSpatializer' not valid for use in process: library load disallowed by system policy)
Preloading 1 native plugins for Editor in 3230.36 ms.
Unloading 4447 Unused Serialized files (Serialized files now loaded: 0)
Unloading 61 unused Assets / (51.2 KB). Loaded Objects now: 4989.
Memory consumption went from 188.2 MB to 188.2 MB.
Total: 25.654875 ms (FindLiveObjects: 1.640584 ms CreateObjectMapping: 0.521708 ms MarkObjects: 21.408000 ms  DeleteObjects: 2.075083 ms)

Prepare: number of updated asset objects reloaded= 0
AssetImportParameters requested are different than current active one (requested -> active):
  custom:container-demuxer-ogg: 62fdf1f143b41e24485cea50d1cbac27 -> 
  custom:video-decoder-ogg-theora: a1e56fd34408186e4bbccfd4996cb3dc -> 
  custom:CustomObjectIndexerAttribute: 9a22284fe3817be447336de3de66b15e -> 
  custom:container-demuxer-webm: 4f35f7cbe854078d1ac9338744f61a02 -> 
  custom:container-muxer-webm: aa71ff27fc2769a1b78a27578f13a17b -> 
  custom:video-decoder-webm-vp8: 9c59270c3fd7afecdb556c50c9e8de78 -> 
  custom:SearchIndexIgnoredProperties: e643bd26f0fe6173181afceb89e7c659 -> 
  custom:AudioImporter_EditorPlatform: 3918e3fc78b5a79bad01e8451be0beb8 -> 
  custom:framework-osx-AVFoundation: e770b220cccbd017edd2c1fefb359320 -> 
  custom:video-encoder-webm-vp8: eb34c28f22e8b96e1ab97ce403110664 -> 
  custom:audio-decoder-ogg-vorbis: bf7c407c2cedff20999df2af8eb42d56 -> 
  custom:audio-encoder-webm-vorbis: bf7c407c2cedff20999df2af8eb42d56 -> 
========================================================================
Received Prepare
Begin MonoManager ReloadAssembly
- Loaded All Assemblies, in  1.050 seconds
Refreshing native plugins compatible for Editor in 11.32 ms, found 9 plugins.
Native extension for Android target not found
Native extension for OSXStandalone target not found
[Package Manager] Server::EnsureServerProcessIsRunning -- launch failed, reason: Unity was launched with the -noUpm command-line argument
[Package Manager] UpmClient::Send -- Unable to send message (not connected to UPM process).
[Package Manager] Cannot connect to Unity Package Manager local server
[Package Manager] Server::EnsureServerProcessIsRunning -- launch failed, reason: Unity was launched with the -noUpm command-line argument
[Package Manager] UpmClient::Send -- Unable to send message (not connected to UPM process).
[Package Manager] Cannot connect to Unity Package Manager local server
Mono: successfully reloaded assembly
[Package Manager] Server::EnsureServerProcessIsRunning -- launch failed, reason: Unity was launched with the -noUpm command-line argument
[Package Manager] UpmClient::Send -- Unable to send message (not connected to UPM process).
[Package Manager] Cannot connect to Unity Package Manager local server
- Finished resetting the current domain, in  3.464 seconds
Domain Reload Profiling: 4516ms
	BeginReloadAssembly (437ms)
		ExecutionOrderSort (0ms)
		DisableScriptedObjects (41ms)
		BackupInstance (0ms)
		ReleaseScriptingObjects (0ms)
		CreateAndSetChildDomain (116ms)
	RebuildCommonClasses (67ms)
	RebuildNativeTypeToScriptingClass (13ms)
	initialDomainReloadingComplete (88ms)
	LoadAllAssembliesAndSetupDomain (446ms)
		LoadAssemblies (607ms)
		RebuildTransferFunctionScriptingTraits (0ms)
		AnalyzeDomain (44ms)
			TypeCache.Refresh (20ms)
				TypeCache.ScanAssembly (0ms)
			ScanForSourceGeneratedMonoScriptInfo (1ms)
			ResolveRequiredComponents (22ms)
	FinalizeReload (3465ms)
		ReleaseScriptCaches (0ms)
		RebuildScriptCaches (0ms)
		SetupLoadedEditorAssemblies (2338ms)
			LogAssemblyErrors (0ms)
			InitializePlatformSupportModulesInManaged (116ms)
			SetLoadedEditorAssemblies (11ms)
			RefreshPlugins (0ms)
			BeforeProcessingInitializeOnLoad (155ms)
			ProcessInitializeOnLoadAttributes (1760ms)
			ProcessInitializeOnLoadMethodAttributes (294ms)
			AfterProcessingInitializeOnLoad (1ms)
			EditorAssembliesLoaded (1ms)
		ExecutionOrderSort2 (0ms)
		AwakeInstancesAfterBackupRestoration (19ms)
Refreshing native plugins compatible for Editor in 9.49 ms, found 9 plugins.
Plugins: Couldn't open /Users/santimuri08/Downloads/vr-escape-room-VersionFix2-2-2-3-2/Library/PackageCache/com.unity.xr.oculus@4.2.0/Runtime/AudioPluginOculusSpatializer.bundle/Contents/MacOS/AudioPluginOculusSpatializer, error: dlopen(/Users/santimuri08/Downloads/vr-escape-room-VersionFix2-2-2-3-2/Library/PackageCache/com.unity.xr.oculus@4.2.0/Runtime/AudioPluginOculusSpatializer.bundle/Contents/MacOS/AudioPluginOculusSpatializer, 0x0002): tried: '/Users/santimuri08/Downloads/vr-escape-room-VersionFix2-2-2-3-2/Library/PackageCache/com.unity.xr.oculus@4.2.0/Runtime/AudioPluginOculusSpatializer.bundle/Contents/MacOS/AudioPluginOculusSpatializer' (code signature in <D7C2E059-C92A-3E2E-8BD1-52E94279CD79> '/Users/santimuri08/Downloads/vr-escape-room-VersionFix2-2-2-3-2/Library/PackageCache/com.unity.xr.oculus@4.2.0/Runtime/AudioPluginOculusSpatializer.bundle/Contents/MacOS/AudioPluginOculusSpatializer' not valid for use in process: library load disallowed by system policy), '/System/Volumes/Preboot/Cryptexes/OS/Users/santimuri08/Downloads/vr-escape-room-VersionFix2-2-2-3-2/Library/PackageCache/com.unity.xr.oculus@4.2.0/Runtime/AudioPluginOculusSpatializer.bundle/Contents/MacOS/AudioPluginOculusSpatializer' (no such file), '/Users/santimuri08/Downloads/vr-escape-room-VersionFix2-2-2-3-2/Library/PackageCache/com.unity.xr.oculus@4.2.0/Runtime/AudioPluginOculusSpatializer.bundle/Contents/MacOS/AudioPluginOculusSpatializer' (code signature in <D7C2E059-C92A-3E2E-8BD1-52E94279CD79> '/Users/santimuri08/Downloads/vr-escape-room-VersionFix2-2-2-3-2/Library/PackageCache/com.unity.xr.oculus@4.2.0/Runtime/AudioPluginOculusSpatializer.bundle/Contents/MacOS/AudioPluginOculusSpatializer' not valid for use in process: library load disallowed by system policy)
Preloading 1 native plugins for Editor in 1968.57 ms.
Unloading 4447 Unused Serialized files (Serialized files now loaded: 0)
Unloading 61 unused Assets / (51.4 KB). Loaded Objects now: 4993.
Memory consumption went from 192.8 MB to 192.7 MB.
Total: 31.165709 ms (FindLiveObjects: 2.064417 ms CreateObjectMapping: 0.596583 ms MarkObjects: 26.021417 ms  DeleteObjects: 2.479042 ms)

Prepare: number of updated asset objects reloaded= 0
AssetImportParameters requested are different than current active one (requested -> active):
  custom:container-demuxer-ogg: 62fdf1f143b41e24485cea50d1cbac27 -> 
  custom:video-decoder-ogg-theora: a1e56fd34408186e4bbccfd4996cb3dc -> 
  custom:CustomObjectIndexerAttribute: 9a22284fe3817be447336de3de66b15e -> 
  custom:container-demuxer-webm: 4f35f7cbe854078d1ac9338744f61a02 -> 
  custom:container-muxer-webm: aa71ff27fc2769a1b78a27578f13a17b -> 
  custom:video-decoder-webm-vp8: 9c59270c3fd7afecdb556c50c9e8de78 -> 
  custom:SearchIndexIgnoredProperties: e643bd26f0fe6173181afceb89e7c659 -> 
  custom:AudioImporter_EditorPlatform: 3918e3fc78b5a79bad01e8451be0beb8 -> 
  custom:framework-osx-AVFoundation: e770b220cccbd017edd2c1fefb359320 -> 
  custom:video-encoder-webm-vp8: eb34c28f22e8b96e1ab97ce403110664 -> 
  custom:audio-decoder-ogg-vorbis: bf7c407c2cedff20999df2af8eb42d56 -> 
  custom:audio-encoder-webm-vorbis: bf7c407c2cedff20999df2af8eb42d56 -> 
========================================================================
Received Prepare
Begin MonoManager ReloadAssembly
- Loaded All Assemblies, in  0.973 seconds
Refreshing native plugins compatible for Editor in 10.98 ms, found 9 plugins.
Native extension for Android target not found
Native extension for OSXStandalone target not found
[Package Manager] Server::EnsureServerProcessIsRunning -- launch failed, reason: Unity was launched with the -noUpm command-line argument
[Package Manager] UpmClient::Send -- Unable to send message (not connected to UPM process).
[Package Manager] Cannot connect to Unity Package Manager local server
[Package Manager] Server::EnsureServerProcessIsRunning -- launch failed, reason: Unity was launched with the -noUpm command-line argument
[Package Manager] UpmClient::Send -- Unable to send message (not connected to UPM process).
[Package Manager] Cannot connect to Unity Package Manager local server
Mono: successfully reloaded assembly
[Package Manager] Server::EnsureServerProcessIsRunning -- launch failed, reason: Unity was launched with the -noUpm command-line argument
[Package Manager] UpmClient::Send -- Unable to send message (not connected to UPM process).
[Package Manager] Cannot connect to Unity Package Manager local server
- Finished resetting the current domain, in  2.947 seconds
Domain Reload Profiling: 3921ms
	BeginReloadAssembly (415ms)
		ExecutionOrderSort (0ms)
		DisableScriptedObjects (42ms)
		BackupInstance (0ms)
		ReleaseScriptingObjects (0ms)
		CreateAndSetChildDomain (98ms)
	RebuildCommonClasses (46ms)
	RebuildNativeTypeToScriptingClass (14ms)
	initialDomainReloadingComplete (74ms)
	LoadAllAssembliesAndSetupDomain (424ms)
		LoadAssemblies (600ms)
		RebuildTransferFunctionScriptingTraits (0ms)
		AnalyzeDomain (30ms)
			TypeCache.Refresh (10ms)
				TypeCache.ScanAssembly (0ms)
			ScanForSourceGeneratedMonoScriptInfo (0ms)
			ResolveRequiredComponents (18ms)
	FinalizeReload (2948ms)
		ReleaseScriptCaches (0ms)
		RebuildScriptCaches (0ms)
		SetupLoadedEditorAssemblies (1900ms)
			LogAssemblyErrors (0ms)
			InitializePlatformSupportModulesInManaged (88ms)
			SetLoadedEditorAssemblies (7ms)
			RefreshPlugins (0ms)
			BeforeProcessingInitializeOnLoad (130ms)
			ProcessInitializeOnLoadAttributes (1479ms)
			ProcessInitializeOnLoadMethodAttributes (193ms)
			AfterProcessingInitializeOnLoad (1ms)
			EditorAssembliesLoaded (2ms)
		ExecutionOrderSort2 (0ms)
		AwakeInstancesAfterBackupRestoration (17ms)
Refreshing native plugins compatible for Editor in 6.36 ms, found 9 plugins.
Plugins: Couldn't open /Users/santimuri08/Downloads/vr-escape-room-VersionFix2-2-2-3-2/Library/PackageCache/com.unity.xr.oculus@4.2.0/Runtime/AudioPluginOculusSpatializer.bundle/Contents/MacOS/AudioPluginOculusSpatializer, error: dlopen(/Users/santimuri08/Downloads/vr-escape-room-VersionFix2-2-2-3-2/Library/PackageCache/com.unity.xr.oculus@4.2.0/Runtime/AudioPluginOculusSpatializer.bundle/Contents/MacOS/AudioPluginOculusSpatializer, 0x0002): tried: '/Users/santimuri08/Downloads/vr-escape-room-VersionFix2-2-2-3-2/Library/PackageCache/com.unity.xr.oculus@4.2.0/Runtime/AudioPluginOculusSpatializer.bundle/Contents/MacOS/AudioPluginOculusSpatializer' (code signature in <D7C2E059-C92A-3E2E-8BD1-52E94279CD79> '/Users/santimuri08/Downloads/vr-escape-room-VersionFix2-2-2-3-2/Library/PackageCache/com.unity.xr.oculus@4.2.0/Runtime/AudioPluginOculusSpatializer.bundle/Contents/MacOS/AudioPluginOculusSpatializer' not valid for use in process: library load disallowed by system policy), '/System/Volumes/Preboot/Cryptexes/OS/Users/santimuri08/Downloads/vr-escape-room-VersionFix2-2-2-3-2/Library/PackageCache/com.unity.xr.oculus@4.2.0/Runtime/AudioPluginOculusSpatializer.bundle/Contents/MacOS/AudioPluginOculusSpatializer' (no such file), '/Users/santimuri08/Downloads/vr-escape-room-VersionFix2-2-2-3-2/Library/PackageCache/com.unity.xr.oculus@4.2.0/Runtime/AudioPluginOculusSpatializer.bundle/Contents/MacOS/AudioPluginOculusSpatializer' (code signature in <D7C2E059-C92A-3E2E-8BD1-52E94279CD79> '/Users/santimuri08/Downloads/vr-escape-room-VersionFix2-2-2-3-2/Library/PackageCache/com.unity.xr.oculus@4.2.0/Runtime/AudioPluginOculusSpatializer.bundle/Contents/MacOS/AudioPluginOculusSpatializer' not valid for use in process: library load disallowed by system policy)
Preloading 1 native plugins for Editor in 7603.40 ms.
Unloading 4447 Unused Serialized files (Serialized files now loaded: 0)
Unloading 61 unused Assets / (51.3 KB). Loaded Objects now: 4997.
Memory consumption went from 197.3 MB to 197.2 MB.
Total: 23.021333 ms (FindLiveObjects: 1.821959 ms CreateObjectMapping: 0.446917 ms MarkObjects: 19.617459 ms  DeleteObjects: 1.127209 ms)

Prepare: number of updated asset objects reloaded= 0
AssetImportParameters requested are different than current active one (requested -> active):
  custom:container-demuxer-ogg: 62fdf1f143b41e24485cea50d1cbac27 -> 
  custom:video-decoder-ogg-theora: a1e56fd34408186e4bbccfd4996cb3dc -> 
  custom:CustomObjectIndexerAttribute: 9a22284fe3817be447336de3de66b15e -> 
  custom:container-demuxer-webm: 4f35f7cbe854078d1ac9338744f61a02 -> 
  custom:container-muxer-webm: aa71ff27fc2769a1b78a27578f13a17b -> 
  custom:video-decoder-webm-vp8: 9c59270c3fd7afecdb556c50c9e8de78 -> 
  custom:SearchIndexIgnoredProperties: e643bd26f0fe6173181afceb89e7c659 -> 
  custom:AudioImporter_EditorPlatform: 3918e3fc78b5a79bad01e8451be0beb8 -> 
  custom:framework-osx-AVFoundation: e770b220cccbd017edd2c1fefb359320 -> 
  custom:video-encoder-webm-vp8: eb34c28f22e8b96e1ab97ce403110664 -> 
  custom:audio-decoder-ogg-vorbis: bf7c407c2cedff20999df2af8eb42d56 -> 
  custom:audio-encoder-webm-vorbis: bf7c407c2cedff20999df2af8eb42d56 -> 
