Unity Editor version:    2022.3.26f1 (ec6cd8118806)
Branch:                  2022.3/staging
Build type:              Release
Batch mode:              YES
macOS version:           Version 15.1 (Build 24B83)
Darwin version:          24.1.0
Architecture:            x86_64
Running under Rosetta:   YES
Available memory:        8192 MB
Using pre-set license
Pro License: YES

COMMAND LINE ARGUMENTS:
/Applications/Unity/Hub/Editor/2022.3.26f1/Unity.app/Contents/MacOS/Unity
-adb2
-batchMode
-noUpm
-name
AssetImportWorker0
-projectPath
/Users/santimuri08/Downloads/vr-escape-room-VersionFix2-2-2-3-2
-logFile
Logs/AssetImportWorker0.log
-srvPort
64974
Successfully changed project path to: /Users/santimuri08/Downloads/vr-escape-room-VersionFix2-2-2-3-2
/Users/santimuri08/Downloads/vr-escape-room-VersionFix2-2-2-3-2
[UnityMemory] Configuration Parameters - Can be set up in boot.config
    "memorysetup-bucket-allocator-granularity=16"
    "memorysetup-bucket-allocator-bucket-count=8"
    "memorysetup-bucket-allocator-block-size=33554432"
    "memorysetup-bucket-allocator-block-count=8"
    "memorysetup-main-allocator-block-size=16777216"
    "memorysetup-thread-allocator-block-size=16777216"
    "memorysetup-gfx-main-allocator-block-size=16777216"
    "memorysetup-gfx-thread-allocator-block-size=16777216"
    "memorysetup-cache-allocator-block-size=4194304"
    "memorysetup-typetree-allocator-block-size=2097152"
    "memorysetup-profiler-bucket-allocator-granularity=16"
    "memorysetup-profiler-bucket-allocator-bucket-count=8"
    "memorysetup-profiler-bucket-allocator-block-size=33554432"
    "memorysetup-profiler-bucket-allocator-block-count=8"
    "memorysetup-profiler-allocator-block-size=16777216"
    "memorysetup-profiler-editor-allocator-block-size=1048576"
    "memorysetup-temp-allocator-size-main=16777216"
    "memorysetup-job-temp-allocator-block-size=2097152"
    "memorysetup-job-temp-allocator-block-size-background=1048576"
    "memorysetup-job-temp-allocator-reduction-small-platforms=262144"
    "memorysetup-allocator-temp-initial-block-size-main=262144"
    "memorysetup-allocator-temp-initial-block-size-worker=262144"
    "memorysetup-temp-allocator-size-background-worker=32768"
    "memorysetup-temp-allocator-size-job-worker=262144"
    "memorysetup-temp-allocator-size-preload-manager=33554432"
    "memorysetup-temp-allocator-size-nav-mesh-worker=65536"
    "memorysetup-temp-allocator-size-audio-worker=65536"
    "memorysetup-temp-allocator-size-cloud-worker=32768"
    "memorysetup-temp-allocator-size-gi-baking-worker=262144"
    "memorysetup-temp-allocator-size-gfx=262144"
Player connection [8736092672] Host "[IP] 192.168.1.158 [Port] 0 [Flags] 2 [Guid] 2090289765 [EditorId] 2090289765 [Version] 1048832 [Id] OSXEditor(0,santiagos-MacBook-Air.local) [Debug] 1 [PackageName] OSXEditor [ProjectName] Editor" joined multi-casting on [225.0.0.222:54997]...

Player connection [8736092672] Host "[IP] 192.168.1.158 [Port] 0 [Flags] 2 [Guid] 2090289765 [EditorId] 2090289765 [Version] 1048832 [Id] OSXEditor(0,santiagos-MacBook-Air.local) [Debug] 1 [PackageName] OSXEditor [ProjectName] Editor" joined alternative multi-casting on [225.0.0.222:34997]...

[Physics::Module] Initialized MultithreadedJobDispatcher with 7 workers.
Refreshing native plugins compatible for Editor in 30.90 ms, found 9 plugins.
Plugins: Couldn't open /Users/santimuri08/Downloads/vr-escape-room-VersionFix2-2-2-3-2/Library/PackageCache/com.unity.xr.oculus@4.2.0/Runtime/AudioPluginOculusSpatializer.bundle/Contents/MacOS/AudioPluginOculusSpatializer, error: dlopen(/Users/santimuri08/Downloads/vr-escape-room-VersionFix2-2-2-3-2/Library/PackageCache/com.unity.xr.oculus@4.2.0/Runtime/AudioPluginOculusSpatializer.bundle/Contents/MacOS/AudioPluginOculusSpatializer, 0x0002): tried: '/Users/santimuri08/Downloads/vr-escape-room-VersionFix2-2-2-3-2/Library/PackageCache/com.unity.xr.oculus@4.2.0/Runtime/AudioPluginOculusSpatializer.bundle/Contents/MacOS/AudioPluginOculusSpatializer' (code signature in <D7C2E059-C92A-3E2E-8BD1-52E94279CD79> '/Users/santimuri08/Downloads/vr-escape-room-VersionFix2-2-2-3-2/Library/PackageCache/com.unity.xr.oculus@4.2.0/Runtime/AudioPluginOculusSpatializer.bundle/Contents/MacOS/AudioPluginOculusSpatializer' not valid for use in process: library load disallowed by system policy), '/System/Volumes/Preboot/Cryptexes/OS/Users/santimuri08/Downloads/vr-escape-room-VersionFix2-2-2-3-2/Library/PackageCache/com.unity.xr.oculus@4.2.0/Runtime/AudioPluginOculusSpatializer.bundle/Contents/MacOS/AudioPluginOculusSpatializer' (no such file), '/Users/santimuri08/Downloads/vr-escape-room-VersionFix2-2-2-3-2/Library/PackageCache/com.unity.xr.oculus@4.2.0/Runtime/AudioPluginOculusSpatializer.bundle/Contents/MacOS/AudioPluginOculusSpatializer' (code signature in <D7C2E059-C92A-3E2E-8BD1-52E94279CD79> '/Users/santimuri08/Downloads/vr-escape-room-VersionFix2-2-2-3-2/Library/PackageCache/com.unity.xr.oculus@4.2.0/Runtime/AudioPluginOculusSpatializer.bundle/Contents/MacOS/AudioPluginOculusSpatializer' not valid for use in process: library load disallowed by system policy)
Preloading 1 native plugins for Editor in 2256.29 ms.
Initialize engine version: 2022.3.26f1 (ec6cd8118806)
[Subsystems] Discovering subsystems at path /Applications/Unity/Hub/Editor/2022.3.26f1/Unity.app/Contents/Resources/UnitySubsystems
[Subsystems] Discovering subsystems at path /Users/santimuri08/Downloads/vr-escape-room-VersionFix2-2-2-3-2/Assets
GfxDevice: creating device client; threaded=0; jobified=0
 preferred device: Apple M1 (high power)
Metal devices available: 1
0: Apple M1 (high power)
Using device Apple M1 (high power)
Initializing Metal device caps: Apple M1
Initialize mono
Mono path[0] = '/Applications/Unity/Hub/Editor/2022.3.26f1/Unity.app/Contents/Managed'
Mono path[1] = '/Applications/Unity/Hub/Editor/2022.3.26f1/Unity.app/Contents/MonoBleedingEdge/lib/mono/unityjit-macos'
Mono config path = '/Applications/Unity/Hub/Editor/2022.3.26f1/Unity.app/Contents/MonoBleedingEdge/etc'
Using monoOptions --debugger-agent=transport=dt_socket,embedding=1,server=y,suspend=n,address=127.0.0.1:56666
Begin MonoManager ReloadAssembly
Registering precompiled unity dll's ...
Register platform support module: /Applications/Unity/Hub/Editor/2022.3.26f1/Unity.app/Contents/PlaybackEngines/MacStandaloneSupport/UnityEditor.OSXStandalone.Extensions.dll
Register platform support module: /Applications/Unity/Hub/Editor/2022.3.26f1/PlaybackEngines/AndroidPlayer/UnityEditor.Android.Extensions.dll
Registered in 0.005835 seconds.
- Loaded All Assemblies, in  0.724 seconds
Native extension for Android target not found
Android Extension - Scanning For ADB Devices 569 ms
Native extension for OSXStandalone target not found
Mono: successfully reloaded assembly
- Finished resetting the current domain, in  1.783 seconds
Domain Reload Profiling: 2509ms
	BeginReloadAssembly (276ms)
		ExecutionOrderSort (0ms)
		DisableScriptedObjects (0ms)
		BackupInstance (0ms)
		ReleaseScriptingObjects (0ms)
		CreateAndSetChildDomain (3ms)
	RebuildCommonClasses (60ms)
	RebuildNativeTypeToScriptingClass (14ms)
	initialDomainReloadingComplete (159ms)
	LoadAllAssembliesAndSetupDomain (215ms)
		LoadAssemblies (273ms)
		RebuildTransferFunctionScriptingTraits (0ms)
		AnalyzeDomain (209ms)
			TypeCache.Refresh (206ms)
				TypeCache.ScanAssembly (185ms)
			ScanForSourceGeneratedMonoScriptInfo (0ms)
			ResolveRequiredComponents (3ms)
	FinalizeReload (1785ms)
		ReleaseScriptCaches (0ms)
		RebuildScriptCaches (0ms)
		SetupLoadedEditorAssemblies (1628ms)
			LogAssemblyErrors (0ms)
			InitializePlatformSupportModulesInManaged (989ms)
			SetLoadedEditorAssemblies (10ms)
			RefreshPlugins (0ms)
			BeforeProcessingInitializeOnLoad (10ms)
			ProcessInitializeOnLoadAttributes (451ms)
			ProcessInitializeOnLoadMethodAttributes (166ms)
			AfterProcessingInitializeOnLoad (0ms)
			EditorAssembliesLoaded (1ms)
		ExecutionOrderSort2 (0ms)
		AwakeInstancesAfterBackupRestoration (0ms)
========================================================================
Worker process is ready to serve import requests
Begin MonoManager ReloadAssembly
- Loaded All Assemblies, in  1.419 seconds
Refreshing native plugins compatible for Editor in 11.36 ms, found 9 plugins.
Native extension for Android target not found
Native extension for OSXStandalone target not found
Package Manager log level set to [2]
[Package Manager] Server::EnsureServerProcessIsRunning -- launch failed, reason: Unity was launched with the -noUpm command-line argument
[Package Manager] UpmClient::Send -- Unable to send message (not connected to UPM process).
[Package Manager] Cannot connect to Unity Package Manager local server
[Package Manager] Server::EnsureServerProcessIsRunning -- launch failed, reason: Unity was launched with the -noUpm command-line argument
[Package Manager] UpmClient::Send -- Unable to send message (not connected to UPM process).
[Package Manager] Cannot connect to Unity Package Manager local server
Mono: successfully reloaded assembly
[Package Manager] Server::EnsureServerProcessIsRunning -- launch failed, reason: Unity was launched with the -noUpm command-line argument
[Package Manager] UpmClient::Send -- Unable to send message (not connected to UPM process).
[Package Manager] Cannot connect to Unity Package Manager local server
[Package Manager] Server::EnsureServerProcessIsRunning -- launch failed, reason: Unity was launched with the -noUpm command-line argument
[Package Manager] UpmClient::Send -- Unable to send message (not connected to UPM process).
[Package Manager] Cannot connect to Unity Package Manager local server
- Finished resetting the current domain, in  2.341 seconds
Domain Reload Profiling: 3764ms
	BeginReloadAssembly (364ms)
		ExecutionOrderSort (0ms)
		DisableScriptedObjects (43ms)
		BackupInstance (0ms)
		ReleaseScriptingObjects (0ms)
		CreateAndSetChildDomain (40ms)
	RebuildCommonClasses (50ms)
	RebuildNativeTypeToScriptingClass (14ms)
	initialDomainReloadingComplete (125ms)
	LoadAllAssembliesAndSetupDomain (869ms)
		LoadAssemblies (649ms)
		RebuildTransferFunctionScriptingTraits (0ms)
		AnalyzeDomain (406ms)
			TypeCache.Refresh (338ms)
				TypeCache.ScanAssembly (282ms)
			ScanForSourceGeneratedMonoScriptInfo (49ms)
			ResolveRequiredComponents (17ms)
	FinalizeReload (2342ms)
		ReleaseScriptCaches (0ms)
		RebuildScriptCaches (0ms)
		SetupLoadedEditorAssemblies (1853ms)
			LogAssemblyErrors (0ms)
			InitializePlatformSupportModulesInManaged (89ms)
			SetLoadedEditorAssemblies (10ms)
			RefreshPlugins (0ms)
			BeforeProcessingInitializeOnLoad (129ms)
			ProcessInitializeOnLoadAttributes (1452ms)
			ProcessInitializeOnLoadMethodAttributes (172ms)
			AfterProcessingInitializeOnLoad (1ms)
			EditorAssembliesLoaded (1ms)
		ExecutionOrderSort2 (0ms)
		AwakeInstancesAfterBackupRestoration (13ms)
Launching external process: /Applications/Unity/Hub/Editor/2022.3.26f1/Unity.app/Contents/Tools/UnityShaderCompiler
Launched and connected shader compiler UnityShaderCompiler after 0.18 seconds
Refreshing native plugins compatible for Editor in 5.95 ms, found 9 plugins.
Plugins: Couldn't open /Users/santimuri08/Downloads/vr-escape-room-VersionFix2-2-2-3-2/Library/PackageCache/com.unity.xr.oculus@4.2.0/Runtime/AudioPluginOculusSpatializer.bundle/Contents/MacOS/AudioPluginOculusSpatializer, error: dlopen(/Users/santimuri08/Downloads/vr-escape-room-VersionFix2-2-2-3-2/Library/PackageCache/com.unity.xr.oculus@4.2.0/Runtime/AudioPluginOculusSpatializer.bundle/Contents/MacOS/AudioPluginOculusSpatializer, 0x0002): tried: '/Users/santimuri08/Downloads/vr-escape-room-VersionFix2-2-2-3-2/Library/PackageCache/com.unity.xr.oculus@4.2.0/Runtime/AudioPluginOculusSpatializer.bundle/Contents/MacOS/AudioPluginOculusSpatializer' (code signature in <D7C2E059-C92A-3E2E-8BD1-52E94279CD79> '/Users/santimuri08/Downloads/vr-escape-room-VersionFix2-2-2-3-2/Library/PackageCache/com.unity.xr.oculus@4.2.0/Runtime/AudioPluginOculusSpatializer.bundle/Contents/MacOS/AudioPluginOculusSpatializer' not valid for use in process: library load disallowed by system policy), '/System/Volumes/Preboot/Cryptexes/OS/Users/santimuri08/Downloads/vr-escape-room-VersionFix2-2-2-3-2/Library/PackageCache/com.unity.xr.oculus@4.2.0/Runtime/AudioPluginOculusSpatializer.bundle/Contents/MacOS/AudioPluginOculusSpatializer' (no such file), '/Users/santimuri08/Downloads/vr-escape-room-VersionFix2-2-2-3-2/Library/PackageCache/com.unity.xr.oculus@4.2.0/Runtime/AudioPluginOculusSpatializer.bundle/Contents/MacOS/AudioPluginOculusSpatializer' (code signature in <D7C2E059-C92A-3E2E-8BD1-52E94279CD79> '/Users/santimuri08/Downloads/vr-escape-room-VersionFix2-2-2-3-2/Library/PackageCache/com.unity.xr.oculus@4.2.0/Runtime/AudioPluginOculusSpatializer.bundle/Contents/MacOS/AudioPluginOculusSpatializer' not valid for use in process: library load disallowed by system policy)
Preloading 1 native plugins for Editor in 3094.95 ms.
Unloading 4488 Unused Serialized files (Serialized files now loaded: 0)
Unloading 84 unused Assets / (71.8 KB). Loaded Objects now: 4959.
Memory consumption went from 167.2 MB to 167.1 MB.
Total: 17.175084 ms (FindLiveObjects: 0.748625 ms CreateObjectMapping: 0.159958 ms MarkObjects: 13.791458 ms  DeleteObjects: 2.472916 ms)

AssetImportParameters requested are different than current active one (requested -> active):
  custom:container-demuxer-ogg: 62fdf1f143b41e24485cea50d1cbac27 -> 
  custom:video-decoder-ogg-theora: a1e56fd34408186e4bbccfd4996cb3dc -> 
  custom:CustomObjectIndexerAttribute: 9a22284fe3817be447336de3de66b15e -> 
  custom:container-demuxer-webm: 4f35f7cbe854078d1ac9338744f61a02 -> 
  custom:container-muxer-webm: aa71ff27fc2769a1b78a27578f13a17b -> 
  custom:video-decoder-webm-vp8: 9c59270c3fd7afecdb556c50c9e8de78 -> 
  custom:SearchIndexIgnoredProperties: e643bd26f0fe6173181afceb89e7c659 -> 
  custom:AudioImporter_EditorPlatform: 3918e3fc78b5a79bad01e8451be0beb8 -> 
  custom:framework-osx-AVFoundation: e770b220cccbd017edd2c1fefb359320 -> 
  custom:video-encoder-webm-vp8: eb34c28f22e8b96e1ab97ce403110664 -> 
  custom:audio-decoder-ogg-vorbis: bf7c407c2cedff20999df2af8eb42d56 -> 
  custom:audio-encoder-webm-vorbis: bf7c407c2cedff20999df2af8eb42d56 -> 
========================================================================
Received Import Request.
  Time since last request: 408486.409904 seconds.
  path: Assets/ModularFirstPersonController/FirstPersonController/FirstPersonController.prefab
  artifactKey: Guid(6bacecc4f3df9584198879c73a6b6c36) Importer(815301076,1909f56bfc062723c751e8b465ee728b)
Start importing Assets/ModularFirstPersonController/FirstPersonController/FirstPersonController.prefab using Guid(6bacecc4f3df9584198879c73a6b6c36) Importer(815301076,1909f56bfc062723c751e8b465ee728b)  -> (artifact id: '429575013fafbf741ada356927b21212') in 0.535567 seconds
Number of updated asset objects reloaded before import = 0
Number of asset objects unloaded after import = 36
========================================================================
Received Prepare
Begin MonoManager ReloadAssembly
- Loaded All Assemblies, in  0.984 seconds
Refreshing native plugins compatible for Editor in 6.01 ms, found 9 plugins.
Native extension for Android target not found
Native extension for OSXStandalone target not found
[Package Manager] Server::EnsureServerProcessIsRunning -- launch failed, reason: Unity was launched with the -noUpm command-line argument
[Package Manager] UpmClient::Send -- Unable to send message (not connected to UPM process).
[Package Manager] Cannot connect to Unity Package Manager local server
[Package Manager] Server::EnsureServerProcessIsRunning -- launch failed, reason: Unity was launched with the -noUpm command-line argument
[Package Manager] UpmClient::Send -- Unable to send message (not connected to UPM process).
[Package Manager] Cannot connect to Unity Package Manager local server
Mono: successfully reloaded assembly
[Package Manager] Server::EnsureServerProcessIsRunning -- launch failed, reason: Unity was launched with the -noUpm command-line argument
[Package Manager] UpmClient::Send -- Unable to send message (not connected to UPM process).
[Package Manager] Cannot connect to Unity Package Manager local server
- Finished resetting the current domain, in  2.671 seconds
Domain Reload Profiling: 3656ms
	BeginReloadAssembly (470ms)
		ExecutionOrderSort (0ms)
		DisableScriptedObjects (35ms)
		BackupInstance (0ms)
		ReleaseScriptingObjects (0ms)
		CreateAndSetChildDomain (115ms)
	RebuildCommonClasses (48ms)
	RebuildNativeTypeToScriptingClass (13ms)
	initialDomainReloadingComplete (61ms)
	LoadAllAssembliesAndSetupDomain (392ms)
		LoadAssemblies (616ms)
		RebuildTransferFunctionScriptingTraits (0ms)
		AnalyzeDomain (32ms)
			TypeCache.Refresh (12ms)
				TypeCache.ScanAssembly (0ms)
			ScanForSourceGeneratedMonoScriptInfo (0ms)
			ResolveRequiredComponents (18ms)
	FinalizeReload (2672ms)
		ReleaseScriptCaches (0ms)
		RebuildScriptCaches (0ms)
		SetupLoadedEditorAssemblies (1655ms)
			LogAssemblyErrors (0ms)
			InitializePlatformSupportModulesInManaged (95ms)
			SetLoadedEditorAssemblies (8ms)
			RefreshPlugins (0ms)
			BeforeProcessingInitializeOnLoad (121ms)
			ProcessInitializeOnLoadAttributes (1284ms)
			ProcessInitializeOnLoadMethodAttributes (146ms)
			AfterProcessingInitializeOnLoad (1ms)
			EditorAssembliesLoaded (0ms)
		ExecutionOrderSort2 (0ms)
		AwakeInstancesAfterBackupRestoration (15ms)
Refreshing native plugins compatible for Editor in 9.35 ms, found 9 plugins.
Plugins: Couldn't open /Users/santimuri08/Downloads/vr-escape-room-VersionFix2-2-2-3-2/Library/PackageCache/com.unity.xr.oculus@4.2.0/Runtime/AudioPluginOculusSpatializer.bundle/Contents/MacOS/AudioPluginOculusSpatializer, error: dlopen(/Users/santimuri08/Downloads/vr-escape-room-VersionFix2-2-2-3-2/Library/PackageCache/com.unity.xr.oculus@4.2.0/Runtime/AudioPluginOculusSpatializer.bundle/Contents/MacOS/AudioPluginOculusSpatializer, 0x0002): tried: '/Users/santimuri08/Downloads/vr-escape-room-VersionFix2-2-2-3-2/Library/PackageCache/com.unity.xr.oculus@4.2.0/Runtime/AudioPluginOculusSpatializer.bundle/Contents/MacOS/AudioPluginOculusSpatializer' (code signature in <D7C2E059-C92A-3E2E-8BD1-52E94279CD79> '/Users/santimuri08/Downloads/vr-escape-room-VersionFix2-2-2-3-2/Library/PackageCache/com.unity.xr.oculus@4.2.0/Runtime/AudioPluginOculusSpatializer.bundle/Contents/MacOS/AudioPluginOculusSpatializer' not valid for use in process: library load disallowed by system policy), '/System/Volumes/Preboot/Cryptexes/OS/Users/santimuri08/Downloads/vr-escape-room-VersionFix2-2-2-3-2/Library/PackageCache/com.unity.xr.oculus@4.2.0/Runtime/AudioPluginOculusSpatializer.bundle/Contents/MacOS/AudioPluginOculusSpatializer' (no such file), '/Users/santimuri08/Downloads/vr-escape-room-VersionFix2-2-2-3-2/Library/PackageCache/com.unity.xr.oculus@4.2.0/Runtime/AudioPluginOculusSpatializer.bundle/Contents/MacOS/AudioPluginOculusSpatializer' (code signature in <D7C2E059-C92A-3E2E-8BD1-52E94279CD79> '/Users/santimuri08/Downloads/vr-escape-room-VersionFix2-2-2-3-2/Library/PackageCache/com.unity.xr.oculus@4.2.0/Runtime/AudioPluginOculusSpatializer.bundle/Contents/MacOS/AudioPluginOculusSpatializer' not valid for use in process: library load disallowed by system policy)
Preloading 1 native plugins for Editor in 2675.72 ms.
Unloading 4446 Unused Serialized files (Serialized files now loaded: 0)
Unloading 61 unused Assets / (51.3 KB). Loaded Objects now: 4971.
Memory consumption went from 165.6 MB to 165.5 MB.
Total: 28.789417 ms (FindLiveObjects: 3.994083 ms CreateObjectMapping: 0.575250 ms MarkObjects: 22.821334 ms  DeleteObjects: 1.181375 ms)

Prepare: number of updated asset objects reloaded= 0
AssetImportParameters requested are different than current active one (requested -> active):
  custom:container-demuxer-ogg: 62fdf1f143b41e24485cea50d1cbac27 -> 
  custom:video-decoder-ogg-theora: a1e56fd34408186e4bbccfd4996cb3dc -> 
  custom:CustomObjectIndexerAttribute: 9a22284fe3817be447336de3de66b15e -> 
  custom:container-demuxer-webm: 4f35f7cbe854078d1ac9338744f61a02 -> 
  custom:container-muxer-webm: aa71ff27fc2769a1b78a27578f13a17b -> 
  custom:video-decoder-webm-vp8: 9c59270c3fd7afecdb556c50c9e8de78 -> 
  custom:SearchIndexIgnoredProperties: e643bd26f0fe6173181afceb89e7c659 -> 
  custom:AudioImporter_EditorPlatform: 3918e3fc78b5a79bad01e8451be0beb8 -> 
  custom:framework-osx-AVFoundation: e770b220cccbd017edd2c1fefb359320 -> 
  custom:video-encoder-webm-vp8: eb34c28f22e8b96e1ab97ce403110664 -> 
  custom:audio-decoder-ogg-vorbis: bf7c407c2cedff20999df2af8eb42d56 -> 
  custom:audio-encoder-webm-vorbis: bf7c407c2cedff20999df2af8eb42d56 -> 
========================================================================
Received Prepare
Begin MonoManager ReloadAssembly
- Loaded All Assemblies, in  1.716 seconds
Refreshing native plugins compatible for Editor in 6.60 ms, found 9 plugins.
Native extension for Android target not found
Native extension for OSXStandalone target not found
[Package Manager] Server::EnsureServerProcessIsRunning -- launch failed, reason: Unity was launched with the -noUpm command-line argument
[Package Manager] UpmClient::Send -- Unable to send message (not connected to UPM process).
[Package Manager] Cannot connect to Unity Package Manager local server
[Package Manager] Server::EnsureServerProcessIsRunning -- launch failed, reason: Unity was launched with the -noUpm command-line argument
[Package Manager] UpmClient::Send -- Unable to send message (not connected to UPM process).
[Package Manager] Cannot connect to Unity Package Manager local server
Mono: successfully reloaded assembly
[Package Manager] Server::EnsureServerProcessIsRunning -- launch failed, reason: Unity was launched with the -noUpm command-line argument
[Package Manager] UpmClient::Send -- Unable to send message (not connected to UPM process).
[Package Manager] Cannot connect to Unity Package Manager local server
- Finished resetting the current domain, in  3.401 seconds
Domain Reload Profiling: 5122ms
	BeginReloadAssembly (656ms)
		ExecutionOrderSort (0ms)
		DisableScriptedObjects (46ms)
		BackupInstance (0ms)
		ReleaseScriptingObjects (0ms)
		CreateAndSetChildDomain (222ms)
	RebuildCommonClasses (46ms)
	RebuildNativeTypeToScriptingClass (13ms)
	initialDomainReloadingComplete (88ms)
	LoadAllAssembliesAndSetupDomain (915ms)
		LoadAssemblies (1174ms)
		RebuildTransferFunctionScriptingTraits (0ms)
		AnalyzeDomain (40ms)
			TypeCache.Refresh (16ms)
				TypeCache.ScanAssembly (0ms)
			ScanForSourceGeneratedMonoScriptInfo (0ms)
			ResolveRequiredComponents (21ms)
	FinalizeReload (3404ms)
		ReleaseScriptCaches (0ms)
		RebuildScriptCaches (0ms)
		SetupLoadedEditorAssemblies (2214ms)
			LogAssemblyErrors (0ms)
			InitializePlatformSupportModulesInManaged (136ms)
			SetLoadedEditorAssemblies (9ms)
			RefreshPlugins (0ms)
			BeforeProcessingInitializeOnLoad (178ms)
			ProcessInitializeOnLoadAttributes (1721ms)
			ProcessInitializeOnLoadMethodAttributes (167ms)
			AfterProcessingInitializeOnLoad (2ms)
			EditorAssembliesLoaded (1ms)
		ExecutionOrderSort2 (0ms)
		AwakeInstancesAfterBackupRestoration (23ms)
Refreshing native plugins compatible for Editor in 6.02 ms, found 9 plugins.
Plugins: Couldn't open /Users/santimuri08/Downloads/vr-escape-room-VersionFix2-2-2-3-2/Library/PackageCache/com.unity.xr.oculus@4.2.0/Runtime/AudioPluginOculusSpatializer.bundle/Contents/MacOS/AudioPluginOculusSpatializer, error: dlopen(/Users/santimuri08/Downloads/vr-escape-room-VersionFix2-2-2-3-2/Library/PackageCache/com.unity.xr.oculus@4.2.0/Runtime/AudioPluginOculusSpatializer.bundle/Contents/MacOS/AudioPluginOculusSpatializer, 0x0002): tried: '/Users/santimuri08/Downloads/vr-escape-room-VersionFix2-2-2-3-2/Library/PackageCache/com.unity.xr.oculus@4.2.0/Runtime/AudioPluginOculusSpatializer.bundle/Contents/MacOS/AudioPluginOculusSpatializer' (code signature in <D7C2E059-C92A-3E2E-8BD1-52E94279CD79> '/Users/santimuri08/Downloads/vr-escape-room-VersionFix2-2-2-3-2/Library/PackageCache/com.unity.xr.oculus@4.2.0/Runtime/AudioPluginOculusSpatializer.bundle/Contents/MacOS/AudioPluginOculusSpatializer' not valid for use in process: library load disallowed by system policy), '/System/Volumes/Preboot/Cryptexes/OS/Users/santimuri08/Downloads/vr-escape-room-VersionFix2-2-2-3-2/Library/PackageCache/com.unity.xr.oculus@4.2.0/Runtime/AudioPluginOculusSpatializer.bundle/Contents/MacOS/AudioPluginOculusSpatializer' (no such file), '/Users/santimuri08/Downloads/vr-escape-room-VersionFix2-2-2-3-2/Library/PackageCache/com.unity.xr.oculus@4.2.0/Runtime/AudioPluginOculusSpatializer.bundle/Contents/MacOS/AudioPluginOculusSpatializer' (code signature in <D7C2E059-C92A-3E2E-8BD1-52E94279CD79> '/Users/santimuri08/Downloads/vr-escape-room-VersionFix2-2-2-3-2/Library/PackageCache/com.unity.xr.oculus@4.2.0/Runtime/AudioPluginOculusSpatializer.bundle/Contents/MacOS/AudioPluginOculusSpatializer' not valid for use in process: library load disallowed by system policy)
Preloading 1 native plugins for Editor in 2155.79 ms.
Unloading 4447 Unused Serialized files (Serialized files now loaded: 0)
Unloading 61 unused Assets / (51.3 KB). Loaded Objects now: 4975.
Memory consumption went from 170.3 MB to 170.2 MB.
Total: 21.912709 ms (FindLiveObjects: 2.073167 ms CreateObjectMapping: 0.147459 ms MarkObjects: 19.297500 ms  DeleteObjects: 0.391958 ms)

Prepare: number of updated asset objects reloaded= 0
AssetImportParameters requested are different than current active one (requested -> active):
  custom:container-demuxer-ogg: 62fdf1f143b41e24485cea50d1cbac27 -> 
  custom:video-decoder-ogg-theora: a1e56fd34408186e4bbccfd4996cb3dc -> 
  custom:CustomObjectIndexerAttribute: 9a22284fe3817be447336de3de66b15e -> 
  custom:container-demuxer-webm: 4f35f7cbe854078d1ac9338744f61a02 -> 
  custom:container-muxer-webm: aa71ff27fc2769a1b78a27578f13a17b -> 
  custom:video-decoder-webm-vp8: 9c59270c3fd7afecdb556c50c9e8de78 -> 
  custom:SearchIndexIgnoredProperties: e643bd26f0fe6173181afceb89e7c659 -> 
  custom:AudioImporter_EditorPlatform: 3918e3fc78b5a79bad01e8451be0beb8 -> 
  custom:framework-osx-AVFoundation: e770b220cccbd017edd2c1fefb359320 -> 
  custom:video-encoder-webm-vp8: eb34c28f22e8b96e1ab97ce403110664 -> 
  custom:audio-decoder-ogg-vorbis: bf7c407c2cedff20999df2af8eb42d56 -> 
  custom:audio-encoder-webm-vorbis: bf7c407c2cedff20999df2af8eb42d56 -> 
========================================================================
Received Prepare
Begin MonoManager ReloadAssembly
- Loaded All Assemblies, in  1.082 seconds
Refreshing native plugins compatible for Editor in 11.69 ms, found 9 plugins.
Native extension for Android target not found
Native extension for OSXStandalone target not found
[Package Manager] Server::EnsureServerProcessIsRunning -- launch failed, reason: Unity was launched with the -noUpm command-line argument
[Package Manager] UpmClient::Send -- Unable to send message (not connected to UPM process).
[Package Manager] Cannot connect to Unity Package Manager local server
[Package Manager] Server::EnsureServerProcessIsRunning -- launch failed, reason: Unity was launched with the -noUpm command-line argument
[Package Manager] UpmClient::Send -- Unable to send message (not connected to UPM process).
[Package Manager] Cannot connect to Unity Package Manager local server
Mono: successfully reloaded assembly
[Package Manager] Server::EnsureServerProcessIsRunning -- launch failed, reason: Unity was launched with the -noUpm command-line argument
[Package Manager] UpmClient::Send -- Unable to send message (not connected to UPM process).
[Package Manager] Cannot connect to Unity Package Manager local server
- Finished resetting the current domain, in  3.017 seconds
Domain Reload Profiling: 4101ms
	BeginReloadAssembly (444ms)
		ExecutionOrderSort (0ms)
		DisableScriptedObjects (40ms)
		BackupInstance (0ms)
		ReleaseScriptingObjects (0ms)
		CreateAndSetChildDomain (109ms)
	RebuildCommonClasses (50ms)
	RebuildNativeTypeToScriptingClass (13ms)
	initialDomainReloadingComplete (75ms)
	LoadAllAssembliesAndSetupDomain (501ms)
		LoadAssemblies (697ms)
		RebuildTransferFunctionScriptingTraits (0ms)
		AnalyzeDomain (35ms)
			TypeCache.Refresh (15ms)
				TypeCache.ScanAssembly (0ms)
			ScanForSourceGeneratedMonoScriptInfo (0ms)
			ResolveRequiredComponents (19ms)
	FinalizeReload (3019ms)
		ReleaseScriptCaches (0ms)
		RebuildScriptCaches (0ms)
		SetupLoadedEditorAssemblies (1950ms)
			LogAssemblyErrors (0ms)
			InitializePlatformSupportModulesInManaged (87ms)
			SetLoadedEditorAssemblies (8ms)
			RefreshPlugins (0ms)
			BeforeProcessingInitializeOnLoad (131ms)
			ProcessInitializeOnLoadAttributes (1531ms)
			ProcessInitializeOnLoadMethodAttributes (191ms)
			AfterProcessingInitializeOnLoad (1ms)
			EditorAssembliesLoaded (1ms)
		ExecutionOrderSort2 (0ms)
		AwakeInstancesAfterBackupRestoration (19ms)
Refreshing native plugins compatible for Editor in 5.96 ms, found 9 plugins.
Plugins: Couldn't open /Users/santimuri08/Downloads/vr-escape-room-VersionFix2-2-2-3-2/Library/PackageCache/com.unity.xr.oculus@4.2.0/Runtime/AudioPluginOculusSpatializer.bundle/Contents/MacOS/AudioPluginOculusSpatializer, error: dlopen(/Users/santimuri08/Downloads/vr-escape-room-VersionFix2-2-2-3-2/Library/PackageCache/com.unity.xr.oculus@4.2.0/Runtime/AudioPluginOculusSpatializer.bundle/Contents/MacOS/AudioPluginOculusSpatializer, 0x0002): tried: '/Users/santimuri08/Downloads/vr-escape-room-VersionFix2-2-2-3-2/Library/PackageCache/com.unity.xr.oculus@4.2.0/Runtime/AudioPluginOculusSpatializer.bundle/Contents/MacOS/AudioPluginOculusSpatializer' (code signature in <D7C2E059-C92A-3E2E-8BD1-52E94279CD79> '/Users/santimuri08/Downloads/vr-escape-room-VersionFix2-2-2-3-2/Library/PackageCache/com.unity.xr.oculus@4.2.0/Runtime/AudioPluginOculusSpatializer.bundle/Contents/MacOS/AudioPluginOculusSpatializer' not valid for use in process: library load disallowed by system policy), '/System/Volumes/Preboot/Cryptexes/OS/Users/santimuri08/Downloads/vr-escape-room-VersionFix2-2-2-3-2/Library/PackageCache/com.unity.xr.oculus@4.2.0/Runtime/AudioPluginOculusSpatializer.bundle/Contents/MacOS/AudioPluginOculusSpatializer' (no such file), '/Users/santimuri08/Downloads/vr-escape-room-VersionFix2-2-2-3-2/Library/PackageCache/com.unity.xr.oculus@4.2.0/Runtime/AudioPluginOculusSpatializer.bundle/Contents/MacOS/AudioPluginOculusSpatializer' (code signature in <D7C2E059-C92A-3E2E-8BD1-52E94279CD79> '/Users/santimuri08/Downloads/vr-escape-room-VersionFix2-2-2-3-2/Library/PackageCache/com.unity.xr.oculus@4.2.0/Runtime/AudioPluginOculusSpatializer.bundle/Contents/MacOS/AudioPluginOculusSpatializer' not valid for use in process: library load disallowed by system policy)
Preloading 1 native plugins for Editor in 2623.53 ms.
Unloading 4447 Unused Serialized files (Serialized files now loaded: 0)
Unloading 61 unused Assets / (51.4 KB). Loaded Objects now: 4979.
Memory consumption went from 174.8 MB to 174.8 MB.
Total: 26.807875 ms (FindLiveObjects: 1.767333 ms CreateObjectMapping: 0.444167 ms MarkObjects: 22.698917 ms  DeleteObjects: 1.890000 ms)

Prepare: number of updated asset objects reloaded= 0
AssetImportParameters requested are different than current active one (requested -> active):
  custom:container-demuxer-ogg: 62fdf1f143b41e24485cea50d1cbac27 -> 
  custom:video-decoder-ogg-theora: a1e56fd34408186e4bbccfd4996cb3dc -> 
  custom:CustomObjectIndexerAttribute: 9a22284fe3817be447336de3de66b15e -> 
  custom:container-demuxer-webm: 4f35f7cbe854078d1ac9338744f61a02 -> 
  custom:container-muxer-webm: aa71ff27fc2769a1b78a27578f13a17b -> 
  custom:video-decoder-webm-vp8: 9c59270c3fd7afecdb556c50c9e8de78 -> 
  custom:SearchIndexIgnoredProperties: e643bd26f0fe6173181afceb89e7c659 -> 
  custom:AudioImporter_EditorPlatform: 3918e3fc78b5a79bad01e8451be0beb8 -> 
  custom:framework-osx-AVFoundation: e770b220cccbd017edd2c1fefb359320 -> 
  custom:video-encoder-webm-vp8: eb34c28f22e8b96e1ab97ce403110664 -> 
  custom:audio-decoder-ogg-vorbis: bf7c407c2cedff20999df2af8eb42d56 -> 
  custom:audio-encoder-webm-vorbis: bf7c407c2cedff20999df2af8eb42d56 -> 
========================================================================
Received Prepare
Begin MonoManager ReloadAssembly
- Loaded All Assemblies, in  1.020 seconds
Refreshing native plugins compatible for Editor in 11.96 ms, found 9 plugins.
Native extension for Android target not found
Native extension for OSXStandalone target not found
[Package Manager] Server::EnsureServerProcessIsRunning -- launch failed, reason: Unity was launched with the -noUpm command-line argument
[Package Manager] UpmClient::Send -- Unable to send message (not connected to UPM process).
[Package Manager] Cannot connect to Unity Package Manager local server
[Package Manager] Server::EnsureServerProcessIsRunning -- launch failed, reason: Unity was launched with the -noUpm command-line argument
[Package Manager] UpmClient::Send -- Unable to send message (not connected to UPM process).
[Package Manager] Cannot connect to Unity Package Manager local server
Mono: successfully reloaded assembly
[Package Manager] Server::EnsureServerProcessIsRunning -- launch failed, reason: Unity was launched with the -noUpm command-line argument
[Package Manager] UpmClient::Send -- Unable to send message (not connected to UPM process).
[Package Manager] Cannot connect to Unity Package Manager local server
- Finished resetting the current domain, in  3.039 seconds
Domain Reload Profiling: 4060ms
	BeginReloadAssembly (433ms)
		ExecutionOrderSort (0ms)
		DisableScriptedObjects (41ms)
		BackupInstance (0ms)
		ReleaseScriptingObjects (0ms)
		CreateAndSetChildDomain (122ms)
	RebuildCommonClasses (48ms)
	RebuildNativeTypeToScriptingClass (15ms)
	initialDomainReloadingComplete (77ms)
	LoadAllAssembliesAndSetupDomain (448ms)
		LoadAssemblies (614ms)
		RebuildTransferFunctionScriptingTraits (0ms)
		AnalyzeDomain (35ms)
			TypeCache.Refresh (11ms)
				TypeCache.ScanAssembly (0ms)
			ScanForSourceGeneratedMonoScriptInfo (0ms)
			ResolveRequiredComponents (22ms)
	FinalizeReload (3040ms)
		ReleaseScriptCaches (0ms)
		RebuildScriptCaches (0ms)
		SetupLoadedEditorAssemblies (1973ms)
			LogAssemblyErrors (0ms)
			InitializePlatformSupportModulesInManaged (98ms)
			SetLoadedEditorAssemblies (7ms)
			RefreshPlugins (0ms)
			BeforeProcessingInitializeOnLoad (132ms)
			ProcessInitializeOnLoadAttributes (1528ms)
			ProcessInitializeOnLoadMethodAttributes (203ms)
			AfterProcessingInitializeOnLoad (2ms)
			EditorAssembliesLoaded (2ms)
		ExecutionOrderSort2 (0ms)
		AwakeInstancesAfterBackupRestoration (22ms)
Refreshing native plugins compatible for Editor in 7.86 ms, found 9 plugins.
Plugins: Couldn't open /Users/santimuri08/Downloads/vr-escape-room-VersionFix2-2-2-3-2/Library/PackageCache/com.unity.xr.oculus@4.2.0/Runtime/AudioPluginOculusSpatializer.bundle/Contents/MacOS/AudioPluginOculusSpatializer, error: dlopen(/Users/santimuri08/Downloads/vr-escape-room-VersionFix2-2-2-3-2/Library/PackageCache/com.unity.xr.oculus@4.2.0/Runtime/AudioPluginOculusSpatializer.bundle/Contents/MacOS/AudioPluginOculusSpatializer, 0x0002): tried: '/Users/santimuri08/Downloads/vr-escape-room-VersionFix2-2-2-3-2/Library/PackageCache/com.unity.xr.oculus@4.2.0/Runtime/AudioPluginOculusSpatializer.bundle/Contents/MacOS/AudioPluginOculusSpatializer' (code signature in <D7C2E059-C92A-3E2E-8BD1-52E94279CD79> '/Users/santimuri08/Downloads/vr-escape-room-VersionFix2-2-2-3-2/Library/PackageCache/com.unity.xr.oculus@4.2.0/Runtime/AudioPluginOculusSpatializer.bundle/Contents/MacOS/AudioPluginOculusSpatializer' not valid for use in process: library load disallowed by system policy), '/System/Volumes/Preboot/Cryptexes/OS/Users/santimuri08/Downloads/vr-escape-room-VersionFix2-2-2-3-2/Library/PackageCache/com.unity.xr.oculus@4.2.0/Runtime/AudioPluginOculusSpatializer.bundle/Contents/MacOS/AudioPluginOculusSpatializer' (no such file), '/Users/santimuri08/Downloads/vr-escape-room-VersionFix2-2-2-3-2/Library/PackageCache/com.unity.xr.oculus@4.2.0/Runtime/AudioPluginOculusSpatializer.bundle/Contents/MacOS/AudioPluginOculusSpatializer' (code signature in <D7C2E059-C92A-3E2E-8BD1-52E94279CD79> '/Users/santimuri08/Downloads/vr-escape-room-VersionFix2-2-2-3-2/Library/PackageCache/com.unity.xr.oculus@4.2.0/Runtime/AudioPluginOculusSpatializer.bundle/Contents/MacOS/AudioPluginOculusSpatializer' not valid for use in process: library load disallowed by system policy)
Preloading 1 native plugins for Editor in 2060.10 ms.
Unloading 4447 Unused Serialized files (Serialized files now loaded: 0)
Unloading 61 unused Assets / (51.3 KB). Loaded Objects now: 4983.
Memory consumption went from 179.3 MB to 179.2 MB.
Total: 30.190083 ms (FindLiveObjects: 2.287625 ms CreateObjectMapping: 0.260042 ms MarkObjects: 26.848333 ms  DeleteObjects: 0.788292 ms)

Prepare: number of updated asset objects reloaded= 0
AssetImportParameters requested are different than current active one (requested -> active):
  custom:container-demuxer-ogg: 62fdf1f143b41e24485cea50d1cbac27 -> 
  custom:video-decoder-ogg-theora: a1e56fd34408186e4bbccfd4996cb3dc -> 
  custom:CustomObjectIndexerAttribute: 9a22284fe3817be447336de3de66b15e -> 
  custom:container-demuxer-webm: 4f35f7cbe854078d1ac9338744f61a02 -> 
  custom:container-muxer-webm: aa71ff27fc2769a1b78a27578f13a17b -> 
  custom:video-decoder-webm-vp8: 9c59270c3fd7afecdb556c50c9e8de78 -> 
  custom:SearchIndexIgnoredProperties: e643bd26f0fe6173181afceb89e7c659 -> 
  custom:AudioImporter_EditorPlatform: 3918e3fc78b5a79bad01e8451be0beb8 -> 
  custom:framework-osx-AVFoundation: e770b220cccbd017edd2c1fefb359320 -> 
  custom:video-encoder-webm-vp8: eb34c28f22e8b96e1ab97ce403110664 -> 
  custom:audio-decoder-ogg-vorbis: bf7c407c2cedff20999df2af8eb42d56 -> 
  custom:audio-encoder-webm-vorbis: bf7c407c2cedff20999df2af8eb42d56 -> 
========================================================================
Received Prepare
Begin MonoManager ReloadAssembly
- Loaded All Assemblies, in  0.932 seconds
Refreshing native plugins compatible for Editor in 13.80 ms, found 9 plugins.
Native extension for Android target not found
Native extension for OSXStandalone target not found
[Package Manager] Server::EnsureServerProcessIsRunning -- launch failed, reason: Unity was launched with the -noUpm command-line argument
[Package Manager] UpmClient::Send -- Unable to send message (not connected to UPM process).
[Package Manager] Cannot connect to Unity Package Manager local server
[Package Manager] Server::EnsureServerProcessIsRunning -- launch failed, reason: Unity was launched with the -noUpm command-line argument
[Package Manager] UpmClient::Send -- Unable to send message (not connected to UPM process).
[Package Manager] Cannot connect to Unity Package Manager local server
Mono: successfully reloaded assembly
[Package Manager] Server::EnsureServerProcessIsRunning -- launch failed, reason: Unity was launched with the -noUpm command-line argument
[Package Manager] UpmClient::Send -- Unable to send message (not connected to UPM process).
[Package Manager] Cannot connect to Unity Package Manager local server
- Finished resetting the current domain, in  2.696 seconds
Domain Reload Profiling: 3629ms
	BeginReloadAssembly (394ms)
		ExecutionOrderSort (0ms)
		DisableScriptedObjects (36ms)
		BackupInstance (0ms)
		ReleaseScriptingObjects (0ms)
		CreateAndSetChildDomain (104ms)
	RebuildCommonClasses (47ms)
	RebuildNativeTypeToScriptingClass (13ms)
	initialDomainReloadingComplete (70ms)
	LoadAllAssembliesAndSetupDomain (408ms)
		LoadAssemblies (572ms)
		RebuildTransferFunctionScriptingTraits (0ms)
		AnalyzeDomain (27ms)
			TypeCache.Refresh (9ms)
				TypeCache.ScanAssembly (0ms)
			ScanForSourceGeneratedMonoScriptInfo (0ms)
			ResolveRequiredComponents (17ms)
	FinalizeReload (2697ms)
		ReleaseScriptCaches (0ms)
		RebuildScriptCaches (0ms)
		SetupLoadedEditorAssemblies (1751ms)
			LogAssemblyErrors (0ms)
			InitializePlatformSupportModulesInManaged (79ms)
			SetLoadedEditorAssemblies (8ms)
			RefreshPlugins (0ms)
			BeforeProcessingInitializeOnLoad (117ms)
			ProcessInitializeOnLoadAttributes (1366ms)
			ProcessInitializeOnLoadMethodAttributes (177ms)
			AfterProcessingInitializeOnLoad (2ms)
			EditorAssembliesLoaded (1ms)
		ExecutionOrderSort2 (0ms)
		AwakeInstancesAfterBackupRestoration (15ms)
Refreshing native plugins compatible for Editor in 6.38 ms, found 9 plugins.
Plugins: Couldn't open /Users/santimuri08/Downloads/vr-escape-room-VersionFix2-2-2-3-2/Library/PackageCache/com.unity.xr.oculus@4.2.0/Runtime/AudioPluginOculusSpatializer.bundle/Contents/MacOS/AudioPluginOculusSpatializer, error: dlopen(/Users/santimuri08/Downloads/vr-escape-room-VersionFix2-2-2-3-2/Library/PackageCache/com.unity.xr.oculus@4.2.0/Runtime/AudioPluginOculusSpatializer.bundle/Contents/MacOS/AudioPluginOculusSpatializer, 0x0002): tried: '/Users/santimuri08/Downloads/vr-escape-room-VersionFix2-2-2-3-2/Library/PackageCache/com.unity.xr.oculus@4.2.0/Runtime/AudioPluginOculusSpatializer.bundle/Contents/MacOS/AudioPluginOculusSpatializer' (code signature in <D7C2E059-C92A-3E2E-8BD1-52E94279CD79> '/Users/santimuri08/Downloads/vr-escape-room-VersionFix2-2-2-3-2/Library/PackageCache/com.unity.xr.oculus@4.2.0/Runtime/AudioPluginOculusSpatializer.bundle/Contents/MacOS/AudioPluginOculusSpatializer' not valid for use in process: library load disallowed by system policy), '/System/Volumes/Preboot/Cryptexes/OS/Users/santimuri08/Downloads/vr-escape-room-VersionFix2-2-2-3-2/Library/PackageCache/com.unity.xr.oculus@4.2.0/Runtime/AudioPluginOculusSpatializer.bundle/Contents/MacOS/AudioPluginOculusSpatializer' (no such file), '/Users/santimuri08/Downloads/vr-escape-room-VersionFix2-2-2-3-2/Library/PackageCache/com.unity.xr.oculus@4.2.0/Runtime/AudioPluginOculusSpatializer.bundle/Contents/MacOS/AudioPluginOculusSpatializer' (code signature in <D7C2E059-C92A-3E2E-8BD1-52E94279CD79> '/Users/santimuri08/Downloads/vr-escape-room-VersionFix2-2-2-3-2/Library/PackageCache/com.unity.xr.oculus@4.2.0/Runtime/AudioPluginOculusSpatializer.bundle/Contents/MacOS/AudioPluginOculusSpatializer' not valid for use in process: library load disallowed by system policy)
Preloading 1 native plugins for Editor in 29780.70 ms.
Unloading 4447 Unused Serialized files (Serialized files now loaded: 0)
Unloading 61 unused Assets / (51.4 KB). Loaded Objects now: 4987.
Memory consumption went from 183.8 MB to 183.8 MB.
Total: 31.796750 ms (FindLiveObjects: 0.787833 ms CreateObjectMapping: 0.176459 ms MarkObjects: 29.925709 ms  DeleteObjects: 0.904375 ms)

Prepare: number of updated asset objects reloaded= 0
AssetImportParameters requested are different than current active one (requested -> active):
  custom:container-demuxer-ogg: 62fdf1f143b41e24485cea50d1cbac27 -> 
  custom:video-decoder-ogg-theora: a1e56fd34408186e4bbccfd4996cb3dc -> 
  custom:CustomObjectIndexerAttribute: 9a22284fe3817be447336de3de66b15e -> 
  custom:container-demuxer-webm: 4f35f7cbe854078d1ac9338744f61a02 -> 
  custom:container-muxer-webm: aa71ff27fc2769a1b78a27578f13a17b -> 
  custom:video-decoder-webm-vp8: 9c59270c3fd7afecdb556c50c9e8de78 -> 
  custom:SearchIndexIgnoredProperties: e643bd26f0fe6173181afceb89e7c659 -> 
  custom:AudioImporter_EditorPlatform: 3918e3fc78b5a79bad01e8451be0beb8 -> 
  custom:framework-osx-AVFoundation: e770b220cccbd017edd2c1fefb359320 -> 
  custom:video-encoder-webm-vp8: eb34c28f22e8b96e1ab97ce403110664 -> 
  custom:audio-decoder-ogg-vorbis: bf7c407c2cedff20999df2af8eb42d56 -> 
  custom:audio-encoder-webm-vorbis: bf7c407c2cedff20999df2af8eb42d56 -> 
========================================================================
Received Prepare
Begin MonoManager ReloadAssembly
- Loaded All Assemblies, in  1.206 seconds
Refreshing native plugins compatible for Editor in 10.98 ms, found 9 plugins.
Native extension for Android target not found
Native extension for OSXStandalone target not found
[Package Manager] Server::EnsureServerProcessIsRunning -- launch failed, reason: Unity was launched with the -noUpm command-line argument
[Package Manager] UpmClient::Send -- Unable to send message (not connected to UPM process).
[Package Manager] Cannot connect to Unity Package Manager local server
[Package Manager] Server::EnsureServerProcessIsRunning -- launch failed, reason: Unity was launched with the -noUpm command-line argument
[Package Manager] UpmClient::Send -- Unable to send message (not connected to UPM process).
[Package Manager] Cannot connect to Unity Package Manager local server
Mono: successfully reloaded assembly
[Package Manager] Server::EnsureServerProcessIsRunning -- launch failed, reason: Unity was launched with the -noUpm command-line argument
[Package Manager] UpmClient::Send -- Unable to send message (not connected to UPM process).
[Package Manager] Cannot connect to Unity Package Manager local server
- Finished resetting the current domain, in  3.047 seconds
Domain Reload Profiling: 4255ms
	BeginReloadAssembly (504ms)
		ExecutionOrderSort (0ms)
		DisableScriptedObjects (45ms)
		BackupInstance (0ms)
		ReleaseScriptingObjects (0ms)
		CreateAndSetChildDomain (146ms)
	RebuildCommonClasses (49ms)
	RebuildNativeTypeToScriptingClass (13ms)
	initialDomainReloadingComplete (72ms)
	LoadAllAssembliesAndSetupDomain (568ms)
		LoadAssemblies (754ms)
		RebuildTransferFunctionScriptingTraits (0ms)
		AnalyzeDomain (43ms)
			TypeCache.Refresh (18ms)
				TypeCache.ScanAssembly (0ms)
			ScanForSourceGeneratedMonoScriptInfo (0ms)
			ResolveRequiredComponents (23ms)
	FinalizeReload (3049ms)
		ReleaseScriptCaches (0ms)
		RebuildScriptCaches (0ms)
		SetupLoadedEditorAssemblies (1991ms)
			LogAssemblyErrors (0ms)
			InitializePlatformSupportModulesInManaged (83ms)
			SetLoadedEditorAssemblies (8ms)
			RefreshPlugins (0ms)
			BeforeProcessingInitializeOnLoad (127ms)
			ProcessInitializeOnLoadAttributes (1612ms)
			ProcessInitializeOnLoadMethodAttributes (158ms)
			AfterProcessingInitializeOnLoad (1ms)
			EditorAssembliesLoaded (1ms)
		ExecutionOrderSort2 (0ms)
		AwakeInstancesAfterBackupRestoration (15ms)
Refreshing native plugins compatible for Editor in 16.34 ms, found 9 plugins.
Plugins: Couldn't open /Users/santimuri08/Downloads/vr-escape-room-VersionFix2-2-2-3-2/Library/PackageCache/com.unity.xr.oculus@4.2.0/Runtime/AudioPluginOculusSpatializer.bundle/Contents/MacOS/AudioPluginOculusSpatializer, error: dlopen(/Users/santimuri08/Downloads/vr-escape-room-VersionFix2-2-2-3-2/Library/PackageCache/com.unity.xr.oculus@4.2.0/Runtime/AudioPluginOculusSpatializer.bundle/Contents/MacOS/AudioPluginOculusSpatializer, 0x0002): tried: '/Users/santimuri08/Downloads/vr-escape-room-VersionFix2-2-2-3-2/Library/PackageCache/com.unity.xr.oculus@4.2.0/Runtime/AudioPluginOculusSpatializer.bundle/Contents/MacOS/AudioPluginOculusSpatializer' (code signature in <D7C2E059-C92A-3E2E-8BD1-52E94279CD79> '/Users/santimuri08/Downloads/vr-escape-room-VersionFix2-2-2-3-2/Library/PackageCache/com.unity.xr.oculus@4.2.0/Runtime/AudioPluginOculusSpatializer.bundle/Contents/MacOS/AudioPluginOculusSpatializer' not valid for use in process: library load disallowed by system policy), '/System/Volumes/Preboot/Cryptexes/OS/Users/santimuri08/Downloads/vr-escape-room-VersionFix2-2-2-3-2/Library/PackageCache/com.unity.xr.oculus@4.2.0/Runtime/AudioPluginOculusSpatializer.bundle/Contents/MacOS/AudioPluginOculusSpatializer' (no such file), '/Users/santimuri08/Downloads/vr-escape-room-VersionFix2-2-2-3-2/Library/PackageCache/com.unity.xr.oculus@4.2.0/Runtime/AudioPluginOculusSpatializer.bundle/Contents/MacOS/AudioPluginOculusSpatializer' (code signature in <D7C2E059-C92A-3E2E-8BD1-52E94279CD79> '/Users/santimuri08/Downloads/vr-escape-room-VersionFix2-2-2-3-2/Library/PackageCache/com.unity.xr.oculus@4.2.0/Runtime/AudioPluginOculusSpatializer.bundle/Contents/MacOS/AudioPluginOculusSpatializer' not valid for use in process: library load disallowed by system policy)
Preloading 1 native plugins for Editor in 3230.18 ms.
Unloading 4447 Unused Serialized files (Serialized files now loaded: 0)
Unloading 61 unused Assets / (51.4 KB). Loaded Objects now: 4991.
Memory consumption went from 188.3 MB to 188.2 MB.
Total: 29.628125 ms (FindLiveObjects: 2.403209 ms CreateObjectMapping: 0.878416 ms MarkObjects: 23.961458 ms  DeleteObjects: 2.346416 ms)

Prepare: number of updated asset objects reloaded= 0
AssetImportParameters requested are different than current active one (requested -> active):
  custom:container-demuxer-ogg: 62fdf1f143b41e24485cea50d1cbac27 -> 
  custom:video-decoder-ogg-theora: a1e56fd34408186e4bbccfd4996cb3dc -> 
  custom:CustomObjectIndexerAttribute: 9a22284fe3817be447336de3de66b15e -> 
  custom:container-demuxer-webm: 4f35f7cbe854078d1ac9338744f61a02 -> 
  custom:container-muxer-webm: aa71ff27fc2769a1b78a27578f13a17b -> 
  custom:video-decoder-webm-vp8: 9c59270c3fd7afecdb556c50c9e8de78 -> 
  custom:SearchIndexIgnoredProperties: e643bd26f0fe6173181afceb89e7c659 -> 
  custom:AudioImporter_EditorPlatform: 3918e3fc78b5a79bad01e8451be0beb8 -> 
  custom:framework-osx-AVFoundation: e770b220cccbd017edd2c1fefb359320 -> 
  custom:video-encoder-webm-vp8: eb34c28f22e8b96e1ab97ce403110664 -> 
  custom:audio-decoder-ogg-vorbis: bf7c407c2cedff20999df2af8eb42d56 -> 
  custom:audio-encoder-webm-vorbis: bf7c407c2cedff20999df2af8eb42d56 -> 
========================================================================
Received Prepare
Begin MonoManager ReloadAssembly
- Loaded All Assemblies, in  1.078 seconds
Refreshing native plugins compatible for Editor in 6.19 ms, found 9 plugins.
Native extension for Android target not found
Native extension for OSXStandalone target not found
[Package Manager] Server::EnsureServerProcessIsRunning -- launch failed, reason: Unity was launched with the -noUpm command-line argument
[Package Manager] UpmClient::Send -- Unable to send message (not connected to UPM process).
[Package Manager] Cannot connect to Unity Package Manager local server
[Package Manager] Server::EnsureServerProcessIsRunning -- launch failed, reason: Unity was launched with the -noUpm command-line argument
[Package Manager] UpmClient::Send -- Unable to send message (not connected to UPM process).
[Package Manager] Cannot connect to Unity Package Manager local server
Mono: successfully reloaded assembly
[Package Manager] Server::EnsureServerProcessIsRunning -- launch failed, reason: Unity was launched with the -noUpm command-line argument
[Package Manager] UpmClient::Send -- Unable to send message (not connected to UPM process).
[Package Manager] Cannot connect to Unity Package Manager local server
- Finished resetting the current domain, in  3.051 seconds
Domain Reload Profiling: 4132ms
	BeginReloadAssembly (418ms)
		ExecutionOrderSort (0ms)
		DisableScriptedObjects (37ms)
		BackupInstance (0ms)
		ReleaseScriptingObjects (0ms)
		CreateAndSetChildDomain (111ms)
	RebuildCommonClasses (69ms)
	RebuildNativeTypeToScriptingClass (13ms)
	initialDomainReloadingComplete (77ms)
	LoadAllAssembliesAndSetupDomain (501ms)
		LoadAssemblies (669ms)
		RebuildTransferFunctionScriptingTraits (0ms)
		AnalyzeDomain (34ms)
			TypeCache.Refresh (14ms)
				TypeCache.ScanAssembly (0ms)
			ScanForSourceGeneratedMonoScriptInfo (0ms)
			ResolveRequiredComponents (19ms)
	FinalizeReload (3053ms)
		ReleaseScriptCaches (0ms)
		RebuildScriptCaches (0ms)
		SetupLoadedEditorAssemblies (1929ms)
			LogAssemblyErrors (0ms)
			InitializePlatformSupportModulesInManaged (84ms)
			SetLoadedEditorAssemblies (10ms)
			RefreshPlugins (0ms)
			BeforeProcessingInitializeOnLoad (132ms)
			ProcessInitializeOnLoadAttributes (1476ms)
			ProcessInitializeOnLoadMethodAttributes (225ms)
			AfterProcessingInitializeOnLoad (1ms)
			EditorAssembliesLoaded (1ms)
		ExecutionOrderSort2 (0ms)
		AwakeInstancesAfterBackupRestoration (24ms)
Refreshing native plugins compatible for Editor in 10.04 ms, found 9 plugins.
Plugins: Couldn't open /Users/santimuri08/Downloads/vr-escape-room-VersionFix2-2-2-3-2/Library/PackageCache/com.unity.xr.oculus@4.2.0/Runtime/AudioPluginOculusSpatializer.bundle/Contents/MacOS/AudioPluginOculusSpatializer, error: dlopen(/Users/santimuri08/Downloads/vr-escape-room-VersionFix2-2-2-3-2/Library/PackageCache/com.unity.xr.oculus@4.2.0/Runtime/AudioPluginOculusSpatializer.bundle/Contents/MacOS/AudioPluginOculusSpatializer, 0x0002): tried: '/Users/santimuri08/Downloads/vr-escape-room-VersionFix2-2-2-3-2/Library/PackageCache/com.unity.xr.oculus@4.2.0/Runtime/AudioPluginOculusSpatializer.bundle/Contents/MacOS/AudioPluginOculusSpatializer' (code signature in <D7C2E059-C92A-3E2E-8BD1-52E94279CD79> '/Users/santimuri08/Downloads/vr-escape-room-VersionFix2-2-2-3-2/Library/PackageCache/com.unity.xr.oculus@4.2.0/Runtime/AudioPluginOculusSpatializer.bundle/Contents/MacOS/AudioPluginOculusSpatializer' not valid for use in process: library load disallowed by system policy), '/System/Volumes/Preboot/Cryptexes/OS/Users/santimuri08/Downloads/vr-escape-room-VersionFix2-2-2-3-2/Library/PackageCache/com.unity.xr.oculus@4.2.0/Runtime/AudioPluginOculusSpatializer.bundle/Contents/MacOS/AudioPluginOculusSpatializer' (no such file), '/Users/santimuri08/Downloads/vr-escape-room-VersionFix2-2-2-3-2/Library/PackageCache/com.unity.xr.oculus@4.2.0/Runtime/AudioPluginOculusSpatializer.bundle/Contents/MacOS/AudioPluginOculusSpatializer' (code signature in <D7C2E059-C92A-3E2E-8BD1-52E94279CD79> '/Users/santimuri08/Downloads/vr-escape-room-VersionFix2-2-2-3-2/Library/PackageCache/com.unity.xr.oculus@4.2.0/Runtime/AudioPluginOculusSpatializer.bundle/Contents/MacOS/AudioPluginOculusSpatializer' not valid for use in process: library load disallowed by system policy)
Preloading 1 native plugins for Editor in 1968.45 ms.
Unloading 4447 Unused Serialized files (Serialized files now loaded: 0)
Unloading 61 unused Assets / (51.4 KB). Loaded Objects now: 4995.
Memory consumption went from 192.8 MB to 192.8 MB.
Total: 26.211500 ms (FindLiveObjects: 1.177166 ms CreateObjectMapping: 0.329333 ms MarkObjects: 22.858833 ms  DeleteObjects: 1.842041 ms)

Prepare: number of updated asset objects reloaded= 0
AssetImportParameters requested are different than current active one (requested -> active):
  custom:container-demuxer-ogg: 62fdf1f143b41e24485cea50d1cbac27 -> 
  custom:video-decoder-ogg-theora: a1e56fd34408186e4bbccfd4996cb3dc -> 
  custom:CustomObjectIndexerAttribute: 9a22284fe3817be447336de3de66b15e -> 
  custom:container-demuxer-webm: 4f35f7cbe854078d1ac9338744f61a02 -> 
  custom:container-muxer-webm: aa71ff27fc2769a1b78a27578f13a17b -> 
  custom:video-decoder-webm-vp8: 9c59270c3fd7afecdb556c50c9e8de78 -> 
  custom:SearchIndexIgnoredProperties: e643bd26f0fe6173181afceb89e7c659 -> 
  custom:AudioImporter_EditorPlatform: 3918e3fc78b5a79bad01e8451be0beb8 -> 
  custom:framework-osx-AVFoundation: e770b220cccbd017edd2c1fefb359320 -> 
  custom:video-encoder-webm-vp8: eb34c28f22e8b96e1ab97ce403110664 -> 
  custom:audio-decoder-ogg-vorbis: bf7c407c2cedff20999df2af8eb42d56 -> 
  custom:audio-encoder-webm-vorbis: bf7c407c2cedff20999df2af8eb42d56 -> 
========================================================================
Received Prepare
Begin MonoManager ReloadAssembly
- Loaded All Assemblies, in  0.981 seconds
Refreshing native plugins compatible for Editor in 6.35 ms, found 9 plugins.
Native extension for Android target not found
Native extension for OSXStandalone target not found
[Package Manager] Server::EnsureServerProcessIsRunning -- launch failed, reason: Unity was launched with the -noUpm command-line argument
[Package Manager] UpmClient::Send -- Unable to send message (not connected to UPM process).
[Package Manager] Cannot connect to Unity Package Manager local server
[Package Manager] Server::EnsureServerProcessIsRunning -- launch failed, reason: Unity was launched with the -noUpm command-line argument
[Package Manager] UpmClient::Send -- Unable to send message (not connected to UPM process).
[Package Manager] Cannot connect to Unity Package Manager local server
Mono: successfully reloaded assembly
[Package Manager] Server::EnsureServerProcessIsRunning -- launch failed, reason: Unity was launched with the -noUpm command-line argument
[Package Manager] UpmClient::Send -- Unable to send message (not connected to UPM process).
[Package Manager] Cannot connect to Unity Package Manager local server
- Finished resetting the current domain, in  2.734 seconds
Domain Reload Profiling: 3716ms
	BeginReloadAssembly (412ms)
		ExecutionOrderSort (0ms)
		DisableScriptedObjects (40ms)
		BackupInstance (0ms)
		ReleaseScriptingObjects (0ms)
		CreateAndSetChildDomain (104ms)
	RebuildCommonClasses (46ms)
	RebuildNativeTypeToScriptingClass (14ms)
	initialDomainReloadingComplete (74ms)
	LoadAllAssembliesAndSetupDomain (435ms)
		LoadAssemblies (609ms)
		RebuildTransferFunctionScriptingTraits (0ms)
		AnalyzeDomain (29ms)
			TypeCache.Refresh (10ms)
				TypeCache.ScanAssembly (0ms)
			ScanForSourceGeneratedMonoScriptInfo (0ms)
			ResolveRequiredComponents (18ms)
	FinalizeReload (2735ms)
		ReleaseScriptCaches (0ms)
		RebuildScriptCaches (0ms)
		SetupLoadedEditorAssemblies (1680ms)
			LogAssemblyErrors (0ms)
			InitializePlatformSupportModulesInManaged (77ms)
			SetLoadedEditorAssemblies (8ms)
			RefreshPlugins (0ms)
			BeforeProcessingInitializeOnLoad (118ms)
			ProcessInitializeOnLoadAttributes (1323ms)
			ProcessInitializeOnLoadMethodAttributes (153ms)
			AfterProcessingInitializeOnLoad (1ms)
			EditorAssembliesLoaded (0ms)
		ExecutionOrderSort2 (0ms)
		AwakeInstancesAfterBackupRestoration (17ms)
Refreshing native plugins compatible for Editor in 6.23 ms, found 9 plugins.
Plugins: Couldn't open /Users/santimuri08/Downloads/vr-escape-room-VersionFix2-2-2-3-2/Library/PackageCache/com.unity.xr.oculus@4.2.0/Runtime/AudioPluginOculusSpatializer.bundle/Contents/MacOS/AudioPluginOculusSpatializer, error: dlopen(/Users/santimuri08/Downloads/vr-escape-room-VersionFix2-2-2-3-2/Library/PackageCache/com.unity.xr.oculus@4.2.0/Runtime/AudioPluginOculusSpatializer.bundle/Contents/MacOS/AudioPluginOculusSpatializer, 0x0002): tried: '/Users/santimuri08/Downloads/vr-escape-room-VersionFix2-2-2-3-2/Library/PackageCache/com.unity.xr.oculus@4.2.0/Runtime/AudioPluginOculusSpatializer.bundle/Contents/MacOS/AudioPluginOculusSpatializer' (code signature in <D7C2E059-C92A-3E2E-8BD1-52E94279CD79> '/Users/santimuri08/Downloads/vr-escape-room-VersionFix2-2-2-3-2/Library/PackageCache/com.unity.xr.oculus@4.2.0/Runtime/AudioPluginOculusSpatializer.bundle/Contents/MacOS/AudioPluginOculusSpatializer' not valid for use in process: library load disallowed by system policy), '/System/Volumes/Preboot/Cryptexes/OS/Users/santimuri08/Downloads/vr-escape-room-VersionFix2-2-2-3-2/Library/PackageCache/com.unity.xr.oculus@4.2.0/Runtime/AudioPluginOculusSpatializer.bundle/Contents/MacOS/AudioPluginOculusSpatializer' (no such file), '/Users/santimuri08/Downloads/vr-escape-room-VersionFix2-2-2-3-2/Library/PackageCache/com.unity.xr.oculus@4.2.0/Runtime/AudioPluginOculusSpatializer.bundle/Contents/MacOS/AudioPluginOculusSpatializer' (code signature in <D7C2E059-C92A-3E2E-8BD1-52E94279CD79> '/Users/santimuri08/Downloads/vr-escape-room-VersionFix2-2-2-3-2/Library/PackageCache/com.unity.xr.oculus@4.2.0/Runtime/AudioPluginOculusSpatializer.bundle/Contents/MacOS/AudioPluginOculusSpatializer' not valid for use in process: library load disallowed by system policy)
Preloading 1 native plugins for Editor in 7603.38 ms.
Unloading 4447 Unused Serialized files (Serialized files now loaded: 0)
Unloading 61 unused Assets / (51.4 KB). Loaded Objects now: 4999.
Memory consumption went from 197.4 MB to 197.3 MB.
Total: 23.747167 ms (FindLiveObjects: 1.795458 ms CreateObjectMapping: 0.384292 ms MarkObjects: 19.894167 ms  DeleteObjects: 1.664250 ms)

Prepare: number of updated asset objects reloaded= 0
AssetImportParameters requested are different than current active one (requested -> active):
  custom:container-demuxer-ogg: 62fdf1f143b41e24485cea50d1cbac27 -> 
  custom:video-decoder-ogg-theora: a1e56fd34408186e4bbccfd4996cb3dc -> 
  custom:CustomObjectIndexerAttribute: 9a22284fe3817be447336de3de66b15e -> 
  custom:container-demuxer-webm: 4f35f7cbe854078d1ac9338744f61a02 -> 
  custom:container-muxer-webm: aa71ff27fc2769a1b78a27578f13a17b -> 
  custom:video-decoder-webm-vp8: 9c59270c3fd7afecdb556c50c9e8de78 -> 
  custom:SearchIndexIgnoredProperties: e643bd26f0fe6173181afceb89e7c659 -> 
  custom:AudioImporter_EditorPlatform: 3918e3fc78b5a79bad01e8451be0beb8 -> 
  custom:framework-osx-AVFoundation: e770b220cccbd017edd2c1fefb359320 -> 
  custom:video-encoder-webm-vp8: eb34c28f22e8b96e1ab97ce403110664 -> 
  custom:audio-decoder-ogg-vorbis: bf7c407c2cedff20999df2af8eb42d56 -> 
  custom:audio-encoder-webm-vorbis: bf7c407c2cedff20999df2af8eb42d56 -> 
